
                        BEAST v2.7.6, 2002-2023
             Bayesian Evolutionary Analysis Sampling Trees
                       Designed and developed by
 Remco Bouckaert, Alexei J. Drummond, Andrew Rambaut & Marc A. Suchard
                                    
                   Centre for Computational Evolution
                         University of Auckland
                       r.bouckaert@auckland.ac.nz
                        alexei@cs.auckland.ac.nz
                                    
                   Institute of Evolutionary Biology
                        University of Edinburgh
                           a.rambaut@ed.ac.uk
                                    
                    David Geffen School of Medicine
                 University of California, Los Angeles
                           msuchard@ucla.edu
                                    
                      Downloads, Help & Resources:
                           http://beast2.org/
                                    
  Source code distributed under the GNU Lesser General Public License:
                   http://github.com/CompEvol/beast2
                                    
                           BEAST developers:
   Alex Alekseyenko, Trevor Bedford, Erik Bloomquist, Joseph Heled, 
 Sebastian Hoehna, Denise Kuehnert, Philippe Lemey, Wai Lok Sibon Li, 
Gerton Lunter, Sidney Markowitz, Vladimir Minin, Michael Defoin Platel, 
          Oliver Pybus, Tim Vaughan, Chieh-Hsi Wu, Walter Xie
                                    
                               Thanks to:
          Roald Forsberg, Beth Shapiro and Korbinian Strimmer

Random number seed: 42

File: cognates.xml seed: 42 threads: 1
Loading package BEAST.app v2.7.6 BEAST.base v2.7.6    
Alignment(cognates)
  51 taxa
  557 sites
  331 patterns

Starting frequencies: [0.5, 0.5]
Failed to load BEAGLE library: no hmsbeagle-jni in java.library.path: /sw/arch/RHEL9/EB_production/2024/software/Java/21.0.2/lib:/sw/arch/RHEL9/EB_production/2024/software/Python/3.12.3-GCCcore-13.3.0/lib:/sw/arch/RHEL9/EB_production/2024/software/OpenSSL/3/lib:/sw/arch/RHEL9/EB_production/2024/software/libffi/3.4.5-GCCcore-13.3.0/lib64:/sw/arch/RHEL9/EB_production/2024/software/XZ/5.4.5-GCCcore-13.3.0/lib:/sw/arch/RHEL9/EB_production/2024/software/SQLite/3.45.3-GCCcore-13.3.0/lib:/sw/arch/RHEL9/EB_production/2024/software/Tcl/8.6.14-GCCcore-13.3.0/lib:/sw/arch/RHEL9/EB_production/2024/software/libreadline/8.2-GCCcore-13.3.0/lib:/sw/arch/RHEL9/EB_production/2024/software/ncurses/6.5-GCCcore-13.3.0/lib:/sw/arch/RHEL9/EB_production/2024/software/bzip2/1.0.8-GCCcore-13.3.0/lib:/sw/arch/RHEL9/EB_production/2024/software/binutils/2.42-GCCcore-13.3.0/lib:/sw/arch/RHEL9/EB_production/2024/software/zlib/1.3.1-GCCcore-13.3.0/lib:/sw/arch/RHEL9/EB_production/2024/software/GCCcore/13.3.0/lib64:/usr/local/lib:/scratch-shared/jcowley/langtree/language-family-trees/beast2/jre/lib/amd64
TreeLikelihood(treeLikelihood.cognates) uses BeerLikelihoodCore
  Alignment(cognates): [taxa, patterns, sites] = [51, 331, 557]
===============================================================================
Citations for this model:

Bouckaert, Remco, Timothy G. Vaughan, Joëlle Barido-Sottani, Sebastián Duchêne, Mathieu Fourment, 
Alexandra Gavryushkina, Joseph Heled, Graham Jones, Denise Kühnert, Nicola De Maio, Michael Matschiner, 
Fábio K. Mendes, Nicola F. Müller, Huw A. Ogilvie, Louis du Plessis, Alex Popinga, Andrew Rambaut, 
David Rasmussen, Igor Siveroni, Marc A. Suchard, Chieh-Hsi Wu, Dong Xie, Chi Zhang, Tanja Stadler, 
Alexei J. Drummond 
  BEAST 2.5: An advanced software platform for Bayesian evolutionary analysis. 
  PLoS computational biology 15, no. 4 (2019): e1006650.

===============================================================================
Start likelihood: -11879.578522613005 
Warning: Overwriting file cognates.log
Warning: Overwriting file cognates.trees
         Sample      posterior     likelihood          prior
java.nio.file.NoSuchFileException: cognates.xml.state.new -> cognates.xml.state
	at java.base/sun.nio.fs.UnixException.translateToIOException(Unknown Source)
	at java.base/sun.nio.fs.UnixException.rethrowAsIOException(Unknown Source)
	at java.base/sun.nio.fs.UnixCopyFile.move(Unknown Source)
	at java.base/sun.nio.fs.UnixFileSystemProvider.move(Unknown Source)
	at java.base/java.nio.file.Files.move(Unknown Source)
	at beast.base.inference.State.storeToFile(Unknown Source)
	at beast.base.inference.MCMC.doLoop(Unknown Source)
	at beast.base.inference.MCMC.run(Unknown Source)
	at beastfx.app.beast.BeastMCMC.run(Unknown Source)
	at beastfx.app.beast.BeastMain.main(Unknown Source)
	at java.base/jdk.internal.reflect.NativeMethodAccessorImpl.invoke0(Native Method)
	at java.base/jdk.internal.reflect.NativeMethodAccessorImpl.invoke(Unknown Source)
	at java.base/jdk.internal.reflect.DelegatingMethodAccessorImpl.invoke(Unknown Source)
	at java.base/java.lang.reflect.Method.invoke(Unknown Source)
	at beast.pkgmgmt.launcher.BeastLauncher.run(Unknown Source)
	at beast.pkgmgmt.launcher.BeastLauncher.main(Unknown Source)
java.nio.file.NoSuchFileException: cognates.xml.state.new
	at java.base/sun.nio.fs.UnixException.translateToIOException(Unknown Source)
	at java.base/sun.nio.fs.UnixException.rethrowAsIOException(Unknown Source)
	at java.base/sun.nio.fs.UnixException.rethrowAsIOException(Unknown Source)
	at java.base/sun.nio.fs.UnixCopyFile.move(Unknown Source)
	at java.base/sun.nio.fs.UnixFileSystemProvider.move(Unknown Source)
	at java.base/java.nio.file.Files.move(Unknown Source)
	at beast.base.inference.State.storeToFile(Unknown Source)
	at beast.base.inference.MCMC.doLoop(Unknown Source)
	at beast.base.inference.MCMC.run(Unknown Source)
	at beastfx.app.beast.BeastMCMC.run(Unknown Source)
	at beastfx.app.beast.BeastMain.main(Unknown Source)
	at java.base/jdk.internal.reflect.NativeMethodAccessorImpl.invoke0(Native Method)
	at java.base/jdk.internal.reflect.NativeMethodAccessorImpl.invoke(Unknown Source)
	at java.base/jdk.internal.reflect.DelegatingMethodAccessorImpl.invoke(Unknown Source)
	at java.base/java.lang.reflect.Method.invoke(Unknown Source)
	at beast.pkgmgmt.launcher.BeastLauncher.run(Unknown Source)
	at beast.pkgmgmt.launcher.BeastLauncher.main(Unknown Source)
java.nio.file.NoSuchFileException: cognates.xml.state.new
	at java.base/sun.nio.fs.UnixException.translateToIOException(Unknown Source)
	at java.base/sun.nio.fs.UnixException.rethrowAsIOException(Unknown Source)
	at java.base/sun.nio.fs.UnixException.rethrowAsIOException(Unknown Source)
	at java.base/sun.nio.fs.UnixCopyFile.move(Unknown Source)
	at java.base/sun.nio.fs.UnixFileSystemProvider.move(Unknown Source)
	at java.base/java.nio.file.Files.move(Unknown Source)
	at beast.base.inference.State.storeToFile(Unknown Source)
	at beast.base.inference.MCMC.doLoop(Unknown Source)
	at beast.base.inference.MCMC.run(Unknown Source)
	at beastfx.app.beast.BeastMCMC.run(Unknown Source)
	at beastfx.app.beast.BeastMain.main(Unknown Source)
	at java.base/jdk.internal.reflect.NativeMethodAccessorImpl.invoke0(Native Method)
	at java.base/jdk.internal.reflect.NativeMethodAccessorImpl.invoke(Unknown Source)
	at java.base/jdk.internal.reflect.DelegatingMethodAccessorImpl.invoke(Unknown Source)
	at java.base/java.lang.reflect.Method.invoke(Unknown Source)
	at beast.pkgmgmt.launcher.BeastLauncher.run(Unknown Source)
	at beast.pkgmgmt.launcher.BeastLauncher.main(Unknown Source)
java.nio.file.NoSuchFileException: cognates.xml.state.new
	at java.base/sun.nio.fs.UnixException.translateToIOException(Unknown Source)
	at java.base/sun.nio.fs.UnixException.rethrowAsIOException(Unknown Source)
	at java.base/sun.nio.fs.UnixException.rethrowAsIOException(Unknown Source)
	at java.base/sun.nio.fs.UnixCopyFile.move(Unknown Source)
	at java.base/sun.nio.fs.UnixFileSystemProvider.move(Unknown Source)
	at java.base/java.nio.file.Files.move(Unknown Source)
	at beast.base.inference.State.storeToFile(Unknown Source)
	at beast.base.inference.MCMC.doLoop(Unknown Source)
	at beast.base.inference.MCMC.run(Unknown Source)
	at beastfx.app.beast.BeastMCMC.run(Unknown Source)
	at beastfx.app.beast.BeastMain.main(Unknown Source)
	at java.base/jdk.internal.reflect.NativeMethodAccessorImpl.invoke0(Native Method)
	at java.base/jdk.internal.reflect.NativeMethodAccessorImpl.invoke(Unknown Source)
	at java.base/jdk.internal.reflect.DelegatingMethodAccessorImpl.invoke(Unknown Source)
	at java.base/java.lang.reflect.Method.invoke(Unknown Source)
	at beast.pkgmgmt.launcher.BeastLauncher.run(Unknown Source)
	at beast.pkgmgmt.launcher.BeastLauncher.main(Unknown Source)
java.nio.file.NoSuchFileException: cognates.xml.state.new
	at java.base/sun.nio.fs.UnixException.translateToIOException(Unknown Source)
	at java.base/sun.nio.fs.UnixException.rethrowAsIOException(Unknown Source)
	at java.base/sun.nio.fs.UnixException.rethrowAsIOException(Unknown Source)
	at java.base/sun.nio.fs.UnixCopyFile.move(Unknown Source)
	at java.base/sun.nio.fs.UnixFileSystemProvider.move(Unknown Source)
	at java.base/java.nio.file.Files.move(Unknown Source)
	at beast.base.inference.State.storeToFile(Unknown Source)
	at beast.base.inference.MCMC.doLoop(Unknown Source)
	at beast.base.inference.MCMC.run(Unknown Source)
	at beastfx.app.beast.BeastMCMC.run(Unknown Source)
	at beastfx.app.beast.BeastMain.main(Unknown Source)
	at java.base/jdk.internal.reflect.NativeMethodAccessorImpl.invoke0(Native Method)
	at java.base/jdk.internal.reflect.NativeMethodAccessorImpl.invoke(Unknown Source)
	at java.base/jdk.internal.reflect.DelegatingMethodAccessorImpl.invoke(Unknown Source)
	at java.base/java.lang.reflect.Method.invoke(Unknown Source)
	at beast.pkgmgmt.launcher.BeastLauncher.run(Unknown Source)
	at beast.pkgmgmt.launcher.BeastLauncher.main(Unknown Source)
java.nio.file.NoSuchFileException: cognates.xml.state.new
	at java.base/sun.nio.fs.UnixException.translateToIOException(Unknown Source)
	at java.base/sun.nio.fs.UnixException.rethrowAsIOException(Unknown Source)
	at java.base/sun.nio.fs.UnixException.rethrowAsIOException(Unknown Source)
	at java.base/sun.nio.fs.UnixCopyFile.move(Unknown Source)
	at java.base/sun.nio.fs.UnixFileSystemProvider.move(Unknown Source)
	at java.base/java.nio.file.Files.move(Unknown Source)
	at beast.base.inference.State.storeToFile(Unknown Source)
	at beast.base.inference.MCMC.doLoop(Unknown Source)
	at beast.base.inference.MCMC.run(Unknown Source)
	at beastfx.app.beast.BeastMCMC.run(Unknown Source)
	at beastfx.app.beast.BeastMain.main(Unknown Source)
	at java.base/jdk.internal.reflect.NativeMethodAccessorImpl.invoke0(Native Method)
	at java.base/jdk.internal.reflect.NativeMethodAccessorImpl.invoke(Unknown Source)
	at java.base/jdk.internal.reflect.DelegatingMethodAccessorImpl.invoke(Unknown Source)
	at java.base/java.lang.reflect.Method.invoke(Unknown Source)
	at beast.pkgmgmt.launcher.BeastLauncher.run(Unknown Source)
	at beast.pkgmgmt.launcher.BeastLauncher.main(Unknown Source)
java.nio.file.NoSuchFileException: cognates.xml.state.new
	at java.base/sun.nio.fs.UnixException.translateToIOException(Unknown Source)
	at java.base/sun.nio.fs.UnixException.rethrowAsIOException(Unknown Source)
	at java.base/sun.nio.fs.UnixException.rethrowAsIOException(Unknown Source)
	at java.base/sun.nio.fs.UnixCopyFile.move(Unknown Source)
	at java.base/sun.nio.fs.UnixFileSystemProvider.move(Unknown Source)
	at java.base/java.nio.file.Files.move(Unknown Source)
	at beast.base.inference.State.storeToFile(Unknown Source)
	at beast.base.inference.MCMC.doLoop(Unknown Source)
	at beast.base.inference.MCMC.run(Unknown Source)
	at beastfx.app.beast.BeastMCMC.run(Unknown Source)
	at beastfx.app.beast.BeastMain.main(Unknown Source)
	at java.base/jdk.internal.reflect.NativeMethodAccessorImpl.invoke0(Native Method)
	at java.base/jdk.internal.reflect.NativeMethodAccessorImpl.invoke(Unknown Source)
	at java.base/jdk.internal.reflect.DelegatingMethodAccessorImpl.invoke(Unknown Source)
	at java.base/java.lang.reflect.Method.invoke(Unknown Source)
	at beast.pkgmgmt.launcher.BeastLauncher.run(Unknown Source)
	at beast.pkgmgmt.launcher.BeastLauncher.main(Unknown Source)
java.nio.file.NoSuchFileException: cognates.xml.state.new
	at java.base/sun.nio.fs.UnixException.translateToIOException(Unknown Source)
	at java.base/sun.nio.fs.UnixException.rethrowAsIOException(Unknown Source)
	at java.base/sun.nio.fs.UnixException.rethrowAsIOException(Unknown Source)
	at java.base/sun.nio.fs.UnixCopyFile.move(Unknown Source)
	at java.base/sun.nio.fs.UnixFileSystemProvider.move(Unknown Source)
	at java.base/java.nio.file.Files.move(Unknown Source)
	at beast.base.inference.State.storeToFile(Unknown Source)
	at beast.base.inference.MCMC.doLoop(Unknown Source)
	at beast.base.inference.MCMC.run(Unknown Source)
	at beastfx.app.beast.BeastMCMC.run(Unknown Source)
	at beastfx.app.beast.BeastMain.main(Unknown Source)
	at java.base/jdk.internal.reflect.NativeMethodAccessorImpl.invoke0(Native Method)
	at java.base/jdk.internal.reflect.NativeMethodAccessorImpl.invoke(Unknown Source)
	at java.base/jdk.internal.reflect.DelegatingMethodAccessorImpl.invoke(Unknown Source)
	at java.base/java.lang.reflect.Method.invoke(Unknown Source)
	at beast.pkgmgmt.launcher.BeastLauncher.run(Unknown Source)
	at beast.pkgmgmt.launcher.BeastLauncher.main(Unknown Source)
java.nio.file.NoSuchFileException: cognates.xml.state.new
	at java.base/sun.nio.fs.UnixException.translateToIOException(Unknown Source)
	at java.base/sun.nio.fs.UnixException.rethrowAsIOException(Unknown Source)
	at java.base/sun.nio.fs.UnixException.rethrowAsIOException(Unknown Source)
	at java.base/sun.nio.fs.UnixCopyFile.move(Unknown Source)
	at java.base/sun.nio.fs.UnixFileSystemProvider.move(Unknown Source)
	at java.base/java.nio.file.Files.move(Unknown Source)
	at beast.base.inference.State.storeToFile(Unknown Source)
	at beast.base.inference.MCMC.doLoop(Unknown Source)
	at beast.base.inference.MCMC.run(Unknown Source)
	at beastfx.app.beast.BeastMCMC.run(Unknown Source)
	at beastfx.app.beast.BeastMain.main(Unknown Source)
	at java.base/jdk.internal.reflect.NativeMethodAccessorImpl.invoke0(Native Method)
	at java.base/jdk.internal.reflect.NativeMethodAccessorImpl.invoke(Unknown Source)
	at java.base/jdk.internal.reflect.DelegatingMethodAccessorImpl.invoke(Unknown Source)
	at java.base/java.lang.reflect.Method.invoke(Unknown Source)
	at beast.pkgmgmt.launcher.BeastLauncher.run(Unknown Source)
	at beast.pkgmgmt.launcher.BeastLauncher.main(Unknown Source)
java.nio.file.NoSuchFileException: cognates.xml.state.new
	at java.base/sun.nio.fs.UnixException.translateToIOException(Unknown Source)
	at java.base/sun.nio.fs.UnixException.rethrowAsIOException(Unknown Source)
	at java.base/sun.nio.fs.UnixException.rethrowAsIOException(Unknown Source)
	at java.base/sun.nio.fs.UnixCopyFile.move(Unknown Source)
	at java.base/sun.nio.fs.UnixFileSystemProvider.move(Unknown Source)
	at java.base/java.nio.file.Files.move(Unknown Source)
	at beast.base.inference.State.storeToFile(Unknown Source)
	at beast.base.inference.MCMC.doLoop(Unknown Source)
	at beast.base.inference.MCMC.run(Unknown Source)
	at beastfx.app.beast.BeastMCMC.run(Unknown Source)
	at beastfx.app.beast.BeastMain.main(Unknown Source)
	at java.base/jdk.internal.reflect.NativeMethodAccessorImpl.invoke0(Native Method)
	at java.base/jdk.internal.reflect.NativeMethodAccessorImpl.invoke(Unknown Source)
	at java.base/jdk.internal.reflect.DelegatingMethodAccessorImpl.invoke(Unknown Source)
	at java.base/java.lang.reflect.Method.invoke(Unknown Source)
	at beast.pkgmgmt.launcher.BeastLauncher.run(Unknown Source)
	at beast.pkgmgmt.launcher.BeastLauncher.main(Unknown Source)
java.nio.file.NoSuchFileException: cognates.xml.state.new
	at java.base/sun.nio.fs.UnixException.translateToIOException(Unknown Source)
	at java.base/sun.nio.fs.UnixException.rethrowAsIOException(Unknown Source)
	at java.base/sun.nio.fs.UnixException.rethrowAsIOException(Unknown Source)
	at java.base/sun.nio.fs.UnixCopyFile.move(Unknown Source)
	at java.base/sun.nio.fs.UnixFileSystemProvider.move(Unknown Source)
	at java.base/java.nio.file.Files.move(Unknown Source)
	at beast.base.inference.State.storeToFile(Unknown Source)
	at beast.base.inference.MCMC.doLoop(Unknown Source)
	at beast.base.inference.MCMC.run(Unknown Source)
	at beastfx.app.beast.BeastMCMC.run(Unknown Source)
	at beastfx.app.beast.BeastMain.main(Unknown Source)
	at java.base/jdk.internal.reflect.NativeMethodAccessorImpl.invoke0(Native Method)
	at java.base/jdk.internal.reflect.NativeMethodAccessorImpl.invoke(Unknown Source)
	at java.base/jdk.internal.reflect.DelegatingMethodAccessorImpl.invoke(Unknown Source)
	at java.base/java.lang.reflect.Method.invoke(Unknown Source)
	at beast.pkgmgmt.launcher.BeastLauncher.run(Unknown Source)
	at beast.pkgmgmt.launcher.BeastLauncher.main(Unknown Source)
java.nio.file.NoSuchFileException: cognates.xml.state.new -> cognates.xml.state
	at java.base/sun.nio.fs.UnixException.translateToIOException(Unknown Source)
	at java.base/sun.nio.fs.UnixException.rethrowAsIOException(Unknown Source)
	at java.base/sun.nio.fs.UnixCopyFile.move(Unknown Source)
	at java.base/sun.nio.fs.UnixFileSystemProvider.move(Unknown Source)
	at java.base/java.nio.file.Files.move(Unknown Source)
	at beast.base.inference.State.storeToFile(Unknown Source)
	at beast.base.inference.MCMC.doLoop(Unknown Source)
	at beast.base.inference.MCMC.run(Unknown Source)
	at beastfx.app.beast.BeastMCMC.run(Unknown Source)
	at beastfx.app.beast.BeastMain.main(Unknown Source)
	at java.base/jdk.internal.reflect.NativeMethodAccessorImpl.invoke0(Native Method)
	at java.base/jdk.internal.reflect.NativeMethodAccessorImpl.invoke(Unknown Source)
	at java.base/jdk.internal.reflect.DelegatingMethodAccessorImpl.invoke(Unknown Source)
	at java.base/java.lang.reflect.Method.invoke(Unknown Source)
	at beast.pkgmgmt.launcher.BeastLauncher.run(Unknown Source)
	at beast.pkgmgmt.launcher.BeastLauncher.main(Unknown Source)
java.nio.file.NoSuchFileException: cognates.xml.state.new -> cognates.xml.state
	at java.base/sun.nio.fs.UnixException.translateToIOException(Unknown Source)
	at java.base/sun.nio.fs.UnixException.rethrowAsIOException(Unknown Source)
	at java.base/sun.nio.fs.UnixCopyFile.move(Unknown Source)
	at java.base/sun.nio.fs.UnixFileSystemProvider.move(Unknown Source)
	at java.base/java.nio.file.Files.move(Unknown Source)
	at beast.base.inference.State.storeToFile(Unknown Source)
	at beast.base.inference.MCMC.doLoop(Unknown Source)
	at beast.base.inference.MCMC.run(Unknown Source)
	at beastfx.app.beast.BeastMCMC.run(Unknown Source)
	at beastfx.app.beast.BeastMain.main(Unknown Source)
	at java.base/jdk.internal.reflect.NativeMethodAccessorImpl.invoke0(Native Method)
	at java.base/jdk.internal.reflect.NativeMethodAccessorImpl.invoke(Unknown Source)
	at java.base/jdk.internal.reflect.DelegatingMethodAccessorImpl.invoke(Unknown Source)
	at java.base/java.lang.reflect.Method.invoke(Unknown Source)
	at beast.pkgmgmt.launcher.BeastLauncher.run(Unknown Source)
	at beast.pkgmgmt.launcher.BeastLauncher.main(Unknown Source)
java.nio.file.NoSuchFileException: cognates.xml.state.new
	at java.base/sun.nio.fs.UnixException.translateToIOException(Unknown Source)
	at java.base/sun.nio.fs.UnixException.rethrowAsIOException(Unknown Source)
	at java.base/sun.nio.fs.UnixException.rethrowAsIOException(Unknown Source)
	at java.base/sun.nio.fs.UnixCopyFile.move(Unknown Source)
	at java.base/sun.nio.fs.UnixFileSystemProvider.move(Unknown Source)
	at java.base/java.nio.file.Files.move(Unknown Source)
	at beast.base.inference.State.storeToFile(Unknown Source)
	at beast.base.inference.MCMC.doLoop(Unknown Source)
	at beast.base.inference.MCMC.run(Unknown Source)
	at beastfx.app.beast.BeastMCMC.run(Unknown Source)
	at beastfx.app.beast.BeastMain.main(Unknown Source)
	at java.base/jdk.internal.reflect.NativeMethodAccessorImpl.invoke0(Native Method)
	at java.base/jdk.internal.reflect.NativeMethodAccessorImpl.invoke(Unknown Source)
	at java.base/jdk.internal.reflect.DelegatingMethodAccessorImpl.invoke(Unknown Source)
	at java.base/java.lang.reflect.Method.invoke(Unknown Source)
	at beast.pkgmgmt.launcher.BeastLauncher.run(Unknown Source)
	at beast.pkgmgmt.launcher.BeastLauncher.main(Unknown Source)
java.nio.file.NoSuchFileException: cognates.xml.state.new
	at java.base/sun.nio.fs.UnixException.translateToIOException(Unknown Source)
	at java.base/sun.nio.fs.UnixException.rethrowAsIOException(Unknown Source)
	at java.base/sun.nio.fs.UnixException.rethrowAsIOException(Unknown Source)
	at java.base/sun.nio.fs.UnixCopyFile.move(Unknown Source)
	at java.base/sun.nio.fs.UnixFileSystemProvider.move(Unknown Source)
	at java.base/java.nio.file.Files.move(Unknown Source)
	at beast.base.inference.State.storeToFile(Unknown Source)
	at beast.base.inference.MCMC.doLoop(Unknown Source)
	at beast.base.inference.MCMC.run(Unknown Source)
	at beastfx.app.beast.BeastMCMC.run(Unknown Source)
	at beastfx.app.beast.BeastMain.main(Unknown Source)
	at java.base/jdk.internal.reflect.NativeMethodAccessorImpl.invoke0(Native Method)
	at java.base/jdk.internal.reflect.NativeMethodAccessorImpl.invoke(Unknown Source)
	at java.base/jdk.internal.reflect.DelegatingMethodAccessorImpl.invoke(Unknown Source)
	at java.base/java.lang.reflect.Method.invoke(Unknown Source)
	at beast.pkgmgmt.launcher.BeastLauncher.run(Unknown Source)
	at beast.pkgmgmt.launcher.BeastLauncher.main(Unknown Source)
java.nio.file.NoSuchFileException: cognates.xml.state.new -> cognates.xml.state
	at java.base/sun.nio.fs.UnixException.translateToIOException(Unknown Source)
	at java.base/sun.nio.fs.UnixException.rethrowAsIOException(Unknown Source)
	at java.base/sun.nio.fs.UnixCopyFile.move(Unknown Source)
	at java.base/sun.nio.fs.UnixFileSystemProvider.move(Unknown Source)
	at java.base/java.nio.file.Files.move(Unknown Source)
	at beast.base.inference.State.storeToFile(Unknown Source)
	at beast.base.inference.MCMC.doLoop(Unknown Source)
	at beast.base.inference.MCMC.run(Unknown Source)
	at beastfx.app.beast.BeastMCMC.run(Unknown Source)
	at beastfx.app.beast.BeastMain.main(Unknown Source)
	at java.base/jdk.internal.reflect.NativeMethodAccessorImpl.invoke0(Native Method)
	at java.base/jdk.internal.reflect.NativeMethodAccessorImpl.invoke(Unknown Source)
	at java.base/jdk.internal.reflect.DelegatingMethodAccessorImpl.invoke(Unknown Source)
	at java.base/java.lang.reflect.Method.invoke(Unknown Source)
	at beast.pkgmgmt.launcher.BeastLauncher.run(Unknown Source)
	at beast.pkgmgmt.launcher.BeastLauncher.main(Unknown Source)
java.nio.file.NoSuchFileException: cognates.xml.state.new -> cognates.xml.state
	at java.base/sun.nio.fs.UnixException.translateToIOException(Unknown Source)
	at java.base/sun.nio.fs.UnixException.rethrowAsIOException(Unknown Source)
	at java.base/sun.nio.fs.UnixCopyFile.move(Unknown Source)
	at java.base/sun.nio.fs.UnixFileSystemProvider.move(Unknown Source)
	at java.base/java.nio.file.Files.move(Unknown Source)
	at beast.base.inference.State.storeToFile(Unknown Source)
	at beast.base.inference.MCMC.doLoop(Unknown Source)
	at beast.base.inference.MCMC.run(Unknown Source)
	at beastfx.app.beast.BeastMCMC.run(Unknown Source)
	at beastfx.app.beast.BeastMain.main(Unknown Source)
	at java.base/jdk.internal.reflect.NativeMethodAccessorImpl.invoke0(Native Method)
	at java.base/jdk.internal.reflect.NativeMethodAccessorImpl.invoke(Unknown Source)
	at java.base/jdk.internal.reflect.DelegatingMethodAccessorImpl.invoke(Unknown Source)
	at java.base/java.lang.reflect.Method.invoke(Unknown Source)
	at beast.pkgmgmt.launcher.BeastLauncher.run(Unknown Source)
	at beast.pkgmgmt.launcher.BeastLauncher.main(Unknown Source)
java.nio.file.NoSuchFileException: cognates.xml.state.new
	at java.base/sun.nio.fs.UnixException.translateToIOException(Unknown Source)
	at java.base/sun.nio.fs.UnixException.rethrowAsIOException(Unknown Source)
	at java.base/sun.nio.fs.UnixException.rethrowAsIOException(Unknown Source)
	at java.base/sun.nio.fs.UnixCopyFile.move(Unknown Source)
	at java.base/sun.nio.fs.UnixFileSystemProvider.move(Unknown Source)
	at java.base/java.nio.file.Files.move(Unknown Source)
	at beast.base.inference.State.storeToFile(Unknown Source)
	at beast.base.inference.MCMC.doLoop(Unknown Source)
	at beast.base.inference.MCMC.run(Unknown Source)
	at beastfx.app.beast.BeastMCMC.run(Unknown Source)
	at beastfx.app.beast.BeastMain.main(Unknown Source)
	at java.base/jdk.internal.reflect.NativeMethodAccessorImpl.invoke0(Native Method)
	at java.base/jdk.internal.reflect.NativeMethodAccessorImpl.invoke(Unknown Source)
	at java.base/jdk.internal.reflect.DelegatingMethodAccessorImpl.invoke(Unknown Source)
	at java.base/java.lang.reflect.Method.invoke(Unknown Source)
	at beast.pkgmgmt.launcher.BeastLauncher.run(Unknown Source)
	at beast.pkgmgmt.launcher.BeastLauncher.main(Unknown Source)
java.nio.file.NoSuchFileException: cognates.xml.state.new
	at java.base/sun.nio.fs.UnixException.translateToIOException(Unknown Source)
	at java.base/sun.nio.fs.UnixException.rethrowAsIOException(Unknown Source)
	at java.base/sun.nio.fs.UnixException.rethrowAsIOException(Unknown Source)
	at java.base/sun.nio.fs.UnixCopyFile.move(Unknown Source)
	at java.base/sun.nio.fs.UnixFileSystemProvider.move(Unknown Source)
	at java.base/java.nio.file.Files.move(Unknown Source)
	at beast.base.inference.State.storeToFile(Unknown Source)
	at beast.base.inference.MCMC.doLoop(Unknown Source)
	at beast.base.inference.MCMC.run(Unknown Source)
	at beastfx.app.beast.BeastMCMC.run(Unknown Source)
	at beastfx.app.beast.BeastMain.main(Unknown Source)
	at java.base/jdk.internal.reflect.NativeMethodAccessorImpl.invoke0(Native Method)
	at java.base/jdk.internal.reflect.NativeMethodAccessorImpl.invoke(Unknown Source)
	at java.base/jdk.internal.reflect.DelegatingMethodAccessorImpl.invoke(Unknown Source)
	at java.base/java.lang.reflect.Method.invoke(Unknown Source)
	at beast.pkgmgmt.launcher.BeastLauncher.run(Unknown Source)
	at beast.pkgmgmt.launcher.BeastLauncher.main(Unknown Source)
java.nio.file.NoSuchFileException: cognates.xml.state.new
	at java.base/sun.nio.fs.UnixException.translateToIOException(Unknown Source)
	at java.base/sun.nio.fs.UnixException.rethrowAsIOException(Unknown Source)
	at java.base/sun.nio.fs.UnixException.rethrowAsIOException(Unknown Source)
	at java.base/sun.nio.fs.UnixCopyFile.move(Unknown Source)
	at java.base/sun.nio.fs.UnixFileSystemProvider.move(Unknown Source)
	at java.base/java.nio.file.Files.move(Unknown Source)
	at beast.base.inference.State.storeToFile(Unknown Source)
	at beast.base.inference.MCMC.doLoop(Unknown Source)
	at beast.base.inference.MCMC.run(Unknown Source)
	at beastfx.app.beast.BeastMCMC.run(Unknown Source)
	at beastfx.app.beast.BeastMain.main(Unknown Source)
	at java.base/jdk.internal.reflect.NativeMethodAccessorImpl.invoke0(Native Method)
	at java.base/jdk.internal.reflect.NativeMethodAccessorImpl.invoke(Unknown Source)
	at java.base/jdk.internal.reflect.DelegatingMethodAccessorImpl.invoke(Unknown Source)
	at java.base/java.lang.reflect.Method.invoke(Unknown Source)
	at beast.pkgmgmt.launcher.BeastLauncher.run(Unknown Source)
	at beast.pkgmgmt.launcher.BeastLauncher.main(Unknown Source)
java.nio.file.NoSuchFileException: cognates.xml.state.new
	at java.base/sun.nio.fs.UnixException.translateToIOException(Unknown Source)
	at java.base/sun.nio.fs.UnixException.rethrowAsIOException(Unknown Source)
	at java.base/sun.nio.fs.UnixException.rethrowAsIOException(Unknown Source)
	at java.base/sun.nio.fs.UnixCopyFile.move(Unknown Source)
	at java.base/sun.nio.fs.UnixFileSystemProvider.move(Unknown Source)
	at java.base/java.nio.file.Files.move(Unknown Source)
	at beast.base.inference.State.storeToFile(Unknown Source)
	at beast.base.inference.MCMC.doLoop(Unknown Source)
	at beast.base.inference.MCMC.run(Unknown Source)
	at beastfx.app.beast.BeastMCMC.run(Unknown Source)
	at beastfx.app.beast.BeastMain.main(Unknown Source)
	at java.base/jdk.internal.reflect.NativeMethodAccessorImpl.invoke0(Native Method)
	at java.base/jdk.internal.reflect.NativeMethodAccessorImpl.invoke(Unknown Source)
	at java.base/jdk.internal.reflect.DelegatingMethodAccessorImpl.invoke(Unknown Source)
	at java.base/java.lang.reflect.Method.invoke(Unknown Source)
	at beast.pkgmgmt.launcher.BeastLauncher.run(Unknown Source)
	at beast.pkgmgmt.launcher.BeastLauncher.main(Unknown Source)
java.nio.file.NoSuchFileException: cognates.xml.state.new -> cognates.xml.state
	at java.base/sun.nio.fs.UnixException.translateToIOException(Unknown Source)
	at java.base/sun.nio.fs.UnixException.rethrowAsIOException(Unknown Source)
	at java.base/sun.nio.fs.UnixCopyFile.move(Unknown Source)
	at java.base/sun.nio.fs.UnixFileSystemProvider.move(Unknown Source)
	at java.base/java.nio.file.Files.move(Unknown Source)
	at beast.base.inference.State.storeToFile(Unknown Source)
	at beast.base.inference.MCMC.doLoop(Unknown Source)
	at beast.base.inference.MCMC.run(Unknown Source)
	at beastfx.app.beast.BeastMCMC.run(Unknown Source)
	at beastfx.app.beast.BeastMain.main(Unknown Source)
	at java.base/jdk.internal.reflect.NativeMethodAccessorImpl.invoke0(Native Method)
	at java.base/jdk.internal.reflect.NativeMethodAccessorImpl.invoke(Unknown Source)
	at java.base/jdk.internal.reflect.DelegatingMethodAccessorImpl.invoke(Unknown Source)
	at java.base/java.lang.reflect.Method.invoke(Unknown Source)
	at beast.pkgmgmt.launcher.BeastLauncher.run(Unknown Source)
	at beast.pkgmgmt.launcher.BeastLauncher.main(Unknown Source)
  java.nio.file.NoSuchFileException: cognates.xml.state.new -> cognates.xml.state
	at java.base/sun.nio.fs.UnixException.translateToIOException(Unknown          666000     -4805.7333     -5079.6941       273.9608 5m39s/Msamples
java.nio.file.NoSuchFileException: cognates.xml.state.new
	at java.base/sun.nio.fs.UnixException.translateToIOException(Unknown Source)
	at java.base/sun.nio.fs.UnixException.rethrowAsIOException(Unknown Source)
	at java.base/sun.nio.fs.UnixException.rethrowAsIOException(Unknown Source)
	at java.base/sun.nio.fs.UnixCopyFile.move(Unknown Source)
	at java.base/sun.nio.fs.UnixFileSystemProvider.move(Unknown Source)
	at java.base/java.nio.file.Files.move(Unknown Source)
	at beast.base.inference.State.storeToFile(Unknown Source)
	at beast.base.inference.MCMC.doLoop(Unknown Source)
	at beast.base.inference.MCMC.run(Unknown Source)
	at beastfx.app.beast.BeastMCMC.run(Unknown Source)
	at beastfx.app.beast.BeastMain.main(Unknown Source)
	at java.base/jdk.internal.reflect.NativeMethodAccessorImpl.invoke0(Native Method)
	at java.base/jdk.internal.reflect.NativeMethodAccessorImpl.invoke(Unknown Source)
	at java.base/jdk.internal.reflect.DelegatingMethodAccessorImpl.invoke(Unknown Source)
	at java.base/java.lang.reflect.Method.invoke(Unknown Source)
	at beast.pkgmgmt.launcher.BeastLauncher.run(Unknown Source)
	at beast.pkgmgmt.launcher.BeastLauncher.main(Unknown Source)
java.nio.file.NoSuchFileException: cognates.xml.state.new
	at java.base/sun.nio.fs.UnixException.translateToIOException(Unknown Source)
	at java.base/sun.nio.fs.UnixException.rethrowAsIOException(Unknown Source)
	at java.base/sun.nio.fs.UnixException.rethrowAsIOException(Unknown Source)
	at java.base/sun.nio.fs.UnixCopyFile.move(Unknown Source)
	at java.base/sun.nio.fs.UnixFileSystemProvider.move(Unknown Source)
	at java.base/java.nio.file.Files.move(Unknown Source)
	at beast.base.inference.State.storeToFile(Unknown Source)
	at beast.base.inference.MCMC.doLoop(Unknown Source)
	at beast.base.inference.MCMC.run(Unknown Source)
	at beastfx.app.beast.BeastMCMC.run(Unknown Source)
	at beastfx.app.beast.BeastMain.main(Unknown Source)
	at java.base/jdk.internal.reflect.NativeMethodAccessorImpl.invoke0(Native Method)
	at java.base/jdk.internal.reflect.NativeMethodAccessorImpl.invoke(Unknown Source)
	at java.base/jdk.internal.reflect.DelegatingMethodAccessorImpl.invoke(Unknown Source)
	at java.base/java.lang.reflect.Method.invoke(Unknown Source)
	at beast.pkgmgmt.launcher.BeastLauncher.run(Unknown Source)
	at beast.pkgmgmt.launcher.BeastLauncher.main(Unknown Source)
java.nio.file.NoSuchFileException: cognates.xml.state.new -> cognates.xml.state
	at java.base/sun.nio.fs.UnixException.translateToIOException(Unknown Source)
	at java.base/sun.nio.fs.UnixException.rethrowAsIOException(Unknown Source)
	at java.base/sun.nio.fs.UnixCopyFile.move(Unknown Source)
	at java.base/sun.nio.fs.UnixFileSystemProvider.move(Unknown Source)
	at java.base/java.nio.file.Files.move(Unknown Source)
	at beast.base.inference.State.storeToFile(Unknown Source)
	at beast.base.inference.MCMC.doLoop(Unknown Source)
	at beast.base.inference.MCMC.run(Unknown Source)
	at beastfx.app.beast.BeastMCMC.run(Unknown Source)
	at beastfx.app.beast.BeastMain.main(Unknown Source)
	at java.base/jdk.internal.reflect.NativeMethodAccessorImpl.invoke0(Native Method)
	at java.base/jdk.internal.reflect.NativeMethodAccessorImpl.invoke(Unknown Source)
	at java.base/jdk.internal.reflect.DelegatingMethodAccessorImpl.invoke(Unknown Source)
	at java.base/java.lang.reflect.Method.invoke(Unknown Source)
	at beast.pkgmgmt.launcher.BeastLauncher.run(Unknown Source)
	at beast.pkgmgmt.launcher.BeastLauncher.main(Unknown Source)
java.nio.file.NoSuchFileException: cognates.xml.state.new
	at java.base/sun.nio.fs.UnixException.translateToIOException(Unknown Source)
	at java.base/sun.nio.fs.UnixException.rethrowAsIOException(Unknown Source)
	at java.base/sun.nio.fs.UnixException.rethrowAsIOException(Unknown Source)
	at java.base/sun.nio.fs.UnixCopyFile.mo         800000     -4782.6019     -5065.4207       282.8188 5m50s/Msamples
java.nio.file.NoSuchFileException: cognates.xml.state.new -> cognates.xml.state
	at java.base/sun.nio.fs.UnixException.translateToIOException(Unknown Source)
	at java.base/sun.nio.fs.UnixException.rethrowAsIOException(Unknown Source)
	at java.base/sun.nio.fs.UnixCopyFile.move(Unknown Source)
	at java.base/sun.nio.fs.UnixFileSystemProvider.move(Unknown Source)
	at java.base/java.nio.file.Files.move(Unknown Source)
	at beast.base.inference.State.storeToFile(Unknown Source)
	at beast.base.inference.MCMC.doLoop(Unknown Source)
	at beast.base.inference.MCMC.run(Unknown Source)
	at beastfx.app.beast.BeastMCMC.run(Unknown Source)
	at beastfx.app.beast.BeastMain.main(Unknown Source)
	at java.base/jdk.internal.reflect.NativeMethodAccessorImpl.invoke0(Native Method)
	at java.base/jdk.internal.reflect.NativeMethodAccessorImpl.invoke(Unknown Source)
	at java.base/jdk.internal.reflect.DelegatingMethodAccessorImpl.invoke(Unknown Source)
	at java.base/java.lang.reflect.Method.invoke(Unknown Source)
	at beast.pkgmgmt.launcher.BeastLauncher.run(Unknown Source)
	at beast.pkgmgm         782000     -4871.4227     -5081.6037       210.1809 5m56s/Msamples
	at java.base/sun.nio.fs.UnixException.translate         792000     -4808.0732     -5081.6635       273.5902 5m53s/Msamples
java.nio.file.NoSuchFileException: cognates.xml.state.new -> cognates.xml.state
	at java.base/sun.nio.fs.UnixException.translateToIOException(Unknown Source)
	at java.base/sun.nio.fs.UnixException.rethrowAsIOException(Unknown Source)
	at java.base/sun.nio.fs.UnixCopyFile.move(Unknown Source)
	at java.base/sun.nio.fs.UnixFileSystemProvider.move(Unknown Source)
	at java.base/java.nio.file.Files.move(Unknown Source)
	at beast.base.inference.State.storeToFile(Unknown Source)
	at beast.base.inference.MCMC.doLoop(Unknown Source)
	at beast.base.inference.MCMC.run(Unknown Source)
	at beastfx.app.beast.BeastMCMC.run(Unknown Source)
	at beastfx.app.beast.BeastMain.main(Unknown Source)
	at java.base/jdk.internal.reflect.NativeMethodAccessorImpl.invoke0(Native Method)
	at java.base/jdk.internal.reflect.NativeMethodAccessorImpl.invoke(Unknown Source)
	at java.base/jdk.internal.reflect.DelegatingMethodAccessorImpl.invoke(Unknown Source)
	at java.base/java.lang.reflect.Method.invoke(Unknown Source)
	at beast.pkgmgmt.launcher.BeastLauncher.run(Unknown Source)
	at beast.pkgmgmt.launcher.BeastLauncher.main(Unknown Source)
java.nio.file.NoSuchFileException: cognates.xml.state.new -> cognates.xml.state
	at java.base/sun.nio.fs.UnixException.translateToIOException(Unknown Source)
	at java.base/sun.nio.fs.UnixException.rethrowAsIOException(Unknown Source)
	at java.base/sun.nio.fs.UnixCopyFile.move(Unknown Source)
	at java.base/sun.nio.fs.UnixFileSystemProvider.move(Unknown Source)
	at java.base/java.nio.file.Files.move(Unknown Source)
	at beast.base.inference.State.storeToFile(Unknown Source)
	at beast.base.inference.MCMC.doLoop(Unknown Source)
	at beast.base.inference.MCMC.run(Unknown Source)
	at beastfx.app.beast.BeastMCMC.run(Unknown Source)
	at beastfx.app.beast.BeastMain.main(Unknown Source)
	at java.base/jdk.internal.reflect.NativeMethodAccessorImpl.invoke0(Native Method)
	at java.base/jdk.internal.reflect.NativeMethodAccessorImpl.invoke(Unknown Source)
	at java.base/jdk.internal.reflect.DelegatingMethodAccessorImpl.invoke(Unknown Source)
	at java.base/java.lang.reflect.Method.invoke(Unknown Source)
	at beast.pkgmgmt.launcher.BeastLauncher.run(Unknown Source)
	at beast.pkgmgmt.launcher.BeastLauncher.main(Unknown Source)
java.nio.file.NoSuchFileException: cognates.xml.state.new -> cognates.xml.state
	at java.base/sun.nio.fs.UnixException.translateToIOException(Unknown Source)
	at java.base/sun.nio.fs.UnixException.rethrowAsIOException(Unknown Source)
	at java.base/sun.nio.fs.UnixCopyFile.move(Unknown Source)
	at java.base/sun.nio.fs.UnixFileSystemProvider.move(Unknown Source)
	at java.base/java.nio.file.Files.move(Unknown Source)
	at beast.base.inference.State.storeToFile(Unknown Source)
	at beast.base.inference.MCMC.doLoop(Unknown Source)
	at beast.base.inference.MCMC.run(Unknown Source)
	at beastfx.app.beast.BeastMCMC.run(Unknown Source)
	at beastfx.app.beast.BeastMain.main(Unknown Source)
	at java.base/jdk.internal.reflect.NativeMethodAccessorImpl.invoke0(Native Method)
	at java.base/jdk.internal.reflect.NativeMethodAccessorImpl.invoke(Unknown Source)
	at java.base/jdk.internal.reflect.DelegatingMethodAccessorImpl.invoke(Unknown Source)
	at java.base/java.lang.reflect.Method.invoke(Unknown Source)
	at beast.pkgmgmt.launcher.BeastLauncher.run(Unknown Source)
	at beast.pkgmgmt.launcher.BeastLauncher.main(Unknown Source)
java.nio.file.NoSuchFileException: cognates.xml.state.new -> cognates.xml.state
	at java.base/sun.nio.fs.UnixException.translateToIOException(Unknown Source)
	at java.base/sun.nio.fs.UnixException.rethrowAsIOException(Unknown Source)
	at java.base/sun.nio.fs.UnixCopyFile.move(Unknown Source)
	at java.base/sun.nio.fs.UnixFileSystemProvider.move(Unknown Source)
	at java.base/java.nio.file.Files.move(Unknown Source)
	at beast.base.inference.State.storeToFile(Unknown Source)
	at beast.base.inference.MCMC.doLoop(Unknown Source)
	at beast.base.inference.MCMC.run(Unknown Source)
	at beastfx.app.beast.BeastMCMC.run(Unknown Source)
	at beastfx.app.beast.BeastMain.main(Unknown Source)
	at java.base/jdk.internal.reflect.NativeMethodAccessorImpl.invoke0(Native Method)
	at java.base/jdk.internal.reflect.NativeMethodAccessorImpl.invoke(Unknown Source)
	at java.base/jdk.internal.reflect.DelegatingMethodAccessorImpl.invoke(Unknown Source)
	at java.base/java.lang.reflect.Method.invoke(Unknown Source)
	at beast.pkgmgmt.launcher.BeastLauncher.run(Unknown Source)
	at beast.pkgmgmt.launcher.BeastLauncher.main(Unknown Source)
java.nio.file.NoSuchFileException: cognates.xml.state.new
	at java.base/sun.nio.fs.UnixException.translateToIOException(Unknown Source)
	at java.base/sun.nio.fs.UnixException.rethrowAsIOException(Unknown Source)
	at java.base/sun.nio.fs.UnixException.rethrowAsIOException(Unknown Source)
	at java.base/sun.nio.fs.UnixCopyFile.move(Unknown Source)
	at java.base/sun.nio.fs.UnixFileSystemProvider.move(Unknown Source)
	at java.base/java.nio.file.Files.move(Unknown Source)
	at beast.base.inference.State.storeToFile(Unknown Source)
	at beast.base.inference.MCMC.doLoop(Unknown Source)
	at beast.base.inference.MCMC.run(Unknown Source)
	at beastfx.app.beast.BeastMCMC.run(Unknown Source)
	at beastfx.app.beast.BeastMain.main(Unknown Source)
	at java.base/jdk.internal.reflect.NativeMethodAccessorImpl.invoke0(Native Method)
	at java.base/jdk.internal.reflect.NativeMethodAccessorImpl.invoke(Unknown Source)
	at java.base/jdk.internal.reflect.DelegatingMethodAccessorImpl.invoke(Unknown Source)
	at java.base/java.lang.reflect.Method.invoke(Unknown Source)
	at beast.pkgmgmt.launcher.BeastLauncher.run(Unknown Source)
	at beast.pkgmgmt.launcher.BeastLauncher.main(Unknown Source)
java.nio.file.NoSuchFileException: cognates.xml.state.new
	at java.base/sun.nio.fs.UnixException.translateToIOException(Unknown Source)
	at java.base/sun.nio.fs.UnixException.rethrowAsIOException(Unknown Source)
	at java.base/sun.nio.fs.UnixException.rethrowAsIOException(Unknown Source)
	at java.base/sun.nio.fs.UnixCopyFile.move(Unknown Source)
	at java.base/sun.nio.fs.UnixFileSystemProvider.move(Unknown Source)
	at java.base/java.nio.file.Files.move(Unknown Source)
	at beast.base.inference.State.storeToFile(Unknown Source)
	at beast.base.inference.MCMC.doLoop(Unknown Source)
	at beast.base.inference.MCMC.run(Unknown Source)
	at beastfx.app.beast.BeastMCMC.run(Unknown Source)
	at beastfx.app.beast.BeastMain.main(Unknown Source)
	at java.base/jdk.internal.reflect.NativeMethodAccessorImpl.invoke0(Native Method)
	at java.base/jdk.internal.reflect.NativeMethodAccessorImpl.invoke(Unknown Source)
	at java.base/jdk.internal.reflect.DelegatingMethodAccessorImpl.invoke(Unknown Source)
	at java.base/java.lang.reflect.Method.invoke(Unknown Source)
	at beast.pkgmgmt.launcher.BeastLauncher.run(Unknown Source)
	at beast.pkgmgmt.launcher.BeastLauncher.main(Unknown Source)
java.nio.file.NoSuchFileException: cognates.xml.state.new
	at java.base/sun.nio.fs.UnixException.translateToIOException(Unknown Source)
	at java.base/sun.nio.fs.UnixException.rethrowAsIOException(Unknown Source)
	at java.base/sun.nio.fs.UnixException.rethrowAsIOException(Unknown Source)
	at java.base/sun.nio.fs.UnixCopyFile.move(Unknown Source)
	at java.base/sun.nio.fs.UnixFileSystemProvider.move(Unknown Source)
	at java.base/java.nio.file.Files.move(Unknown Source)
	at beast.base.inference.State.storeToFile(Unknown Source)
	at beast.base.inference.MCMC.doLoop(Unknown Source)
	at beast.base.inference.MCMC.run(Unknown Source)
	at beastfx.app.beast.BeastMCMC.run(Unknown Source)
	at beastfx.app.beast.BeastMain.main(Unknown Source)
	at java.base/jdk.internal.reflect.NativeMethodAccessorImpl.invoke0(Native Method)
	at java.base/jdk.internal.reflect.NativeMethodAccessorImpl.invoke(Unknown Source)
	at java.base/jdk.internal.reflect.DelegatingMethodAccessorImpl.invoke(Unknown Source)
	at java.base/java.lang.reflect.Method.invoke(Unknown Source)
	at beast.pkgmgmt.launcher.BeastLauncher.run(Unknown Source)
	at beast.pkgmgmt.launcher.BeastLauncher.main(Unknown Source)
java.nio.file.NoSuchFileException: cognates.xml.state.new
	at java.base/sun.nio.fs.UnixException.translateToIOException(Unknown Source)
	at java.base/sun.nio.fs.UnixException.rethrowAsIOException(Unknown Source)
	at java.base/sun.nio.fs.UnixException.rethrowAsIOException(Unknown Source)
	at java.base/sun.nio.fs.UnixCopyFile.move(Unknown Source)
	at java.base/sun.nio.fs.UnixFileSystemProvider.move(Unknown Source)
	at java.base/java.nio.file.Files.move(Unknown Source)
	at beast.base.inference.State.storeToFile(Unknown Source)
	at beast.base.inference.MCMC.doLoop(Unknown Source)
	at beast.base.inference.MCMC.run(Unknown Source)
	at beastfx.app.beast.BeastMCMC.run(Unknown Source)
	at beastfx.app.beast.BeastMain.main(Unknown Source)
	at java.base/jdk.internal.reflect.NativeMethodAccessorImpl.invoke0(Native Method)
	at java.base/jdk.internal.reflect.NativeMethodAccessorImpl.invoke(Unknown Source)
	at java.base/jdk.internal.reflect.DelegatingMethodAccessorImpl.invoke(Unknown Source)
	at java.base/java.lang.reflect.Method.invoke(Unknown Source)
	at beast.pkgmgmt.launcher.BeastLauncher.run(Unknown Source)
	at beast.pkgmgmt.launcher.BeastLa        1022000     -4769.85         990000     -4805.1625     -5072.8439           1024000     -4801.06         992000     -4823.6333     -5072.0799   java.nio.file.NoSuchFileException: cognates.xml.state.new -> cognates.xml.state
	at java.base/sun.nio.fs.UnixException.translateToIOException(Unknown Source)
	at java.base/sun.nio.         998000     -4819.5110     -5067.2006       247.6896 6m18s/Msamples
java.nio.file.NoSuchFileException: cognates.xml.state.new -> cognates.xml.state
	at java.base/sun.nio.fs.UnixException.translateToIOException(Unknown Source)
	at java.base/sun.nio.fs.UnixException.rethrowAsIOException(Unknown Source)
	at java.base/sun.nio.fs.UnixCopyFile.move(Unknown Source)
	at java.base/sun.nio.fs.UnixFileSystemProvider.move(Unknown Source)
	at java.base/java.nio.file.Files.move(Unknown Source)
	at beast.base.inference.State.storeToFile(Unknown Source)
	at beast.base.inference.MCMC.doLoop(Unknown Source)
	at beast.base.inference.MCMC.run(Unknown Source)
	at beastfx.app.beast.BeastMCMC.run(Unknown Source)
	at beastfx.app.beast.BeastMain.main(Unknown Source)
	at java.base/jdk.internal.reflect.NativeMethodAccessorImpl.invoke0(Native Method)
	at java.base/jdk.internal.reflect.NativeMethodAccessorImpl.invoke(Unknown Source)
	at java.base/jdk.internal.reflect.DelegatingMethodAccessorImpl.invoke(Unknown Source)
	at java.base/java.lang.reflect.Method.invoke(Unknown Source)
	at beast.pkgmgmt.launcher.BeastLauncher.run(Unknown Source)
	at beast.pkgmgmt.launcher.BeastLauncher.main(Unknown Source)
java.nio.file.NoSuchFileException: cognates.xml.state.new -> cognates.xml.state
	at java.base/sun.nio.fs.UnixException.translateToIOException(Unknown Source)
	at java.base/sun.nio.fs.UnixException.rethrowAsIOException(Unknown Source)
	at java.base/sun.nio.fs.UnixCopyFile.move(Unknown Source)
	at java.base/sun.nio.fs.UnixFileSystemProvider.move(Unknown Source)
	at java.base/java.nio.file.Files.move(Unknown Source)
	at beast.base.inference.State.storeToFile(Unknown Source)
	at beast.base.inference.MCMC.doLoop(Unknown Source)
	at beast.base.inference.MCMC.run(Unknown Source)
	at beastfx.app.beast.BeastMCMC.run(Unknown Source)
	at beastfx.app.beast.BeastMain.main(Unknown Source)
	at java.base/jdk.internal.reflect.NativeMethodAccessorImpl.invoke0(Native Method)
	at java.base/jdk.internal.reflect.NativeMethodAccessorImpl.invoke(Unknown Source)
	at java.base/jdk.internal.reflect.DelegatingMethodAccessorImpl.invoke(Unknown Source)
	at java.base/java.lang.reflect.Method.invoke(Unknown Source)
	at beast.pkgmgmt.launcher.BeastLauncher.run(Unknown Source)
	at beast.pkgmgmt.launcher.BeastLauncher.main(Unknown Source)
java.nio.file.NoSuchFileException: cognates.xml.state.new -> cognates.xml.state
	at java.base/sun.nio.fs.UnixException.translateToIOException(Unknown Source)
	at java.base/sun.nio.fs.UnixException.rethrowAsIOException(Unknown Source)
	at java.base/sun.nio.fs.UnixCopyFile.move(Unknown Source)
	at java.base/sun.nio.fs.UnixFileSystemProvider.move(Unknown Source)
	at java.base/java.nio.file.Files.move(Unknown Source)
	at beast.base.inference.State.storeToFile(Unknown Source)
	at beast.base.inference.MCMC.doLoop(Unknown Source)
	at beast.base.inference.MCMC.run(Unknown Source)
	at beastfx.app.beast.BeastMCMC.run(Unknown Source)
	at beastfx.app.beast.BeastMain.main(Unknown Source)
	at java.base/jdk.internal.reflect.NativeMethodAccessorImpl.invoke0(Native Method)
	at java.base/jdk.internal.reflect.NativeMethodAccessorImpl.invoke(Unknown Source)
	at java.base/jdk.internal.reflect.DelegatingMethodAccessorImpl.invoke(Unknown Source)
	at java.base/java.lang.reflect.Method.invoke(Unknown Source)
	at beast.pkgmgmt.launcher.BeastLauncher.run(Unknown Source)
	at beast.pkgmgmt.launcher.BeastLauncher.main(Unknown Source)
java.nio.file.NoSuchFileException: cognates.xml.state.new
	at java.base/sun.nio.fs.UnixException.translateToIOException(Unknown Source)
	at java.base/sun.nio.fs.UnixException.rethrowAsIOException(Unknown Source)
	at java.base/sun.nio.fs.UnixException.rethrowAsIOException(Unknown Source)
	at java.base/sun.nio.fs.UnixCopyFile.move(Unknown Source)
	at java.base/sun.nio.fs.UnixFileSystemProvider.move(Unknown Source)
	at java.base/java.nio.file.Files.move(Unknown Source)
	at beast.base.inference.State.storeToFile(Unknown Source)
	at beast.base.inference.MCMC.doLoop(Unknown Source)
	at beast.base.inference.MCMC.run(Unknown Source)
	at beastfx.app.beast.BeastMCMC.run(Unknown Source)
	at beastfx.app.beast.BeastMain.main(Unknown Source)
	at java.base/jdk.internal.reflect.NativeMethodAccessorImpl.invoke0(Native Method)
	at java.base/jdk.internal.reflect.NativeMethodAccessorImpl.invoke(Unknown Source)
	at java.base/jdk.internal.reflect.DelegatingMethodAccessorImpl.invoke(Unknown Source)
	at java.base/java.lang.reflect.Method.invoke(Unknown Source)
	at beast.pkgmgmt.launcher.BeastLauncher.run(Unknown Source)
	at beast.pkgmgmt.launcher.BeastLauncher.main(Unknown Source)
java.nio.file.NoSuchFileException: cognates.xml.state.new -> cognates.xml.state
	at java.base/sun.nio.fs.UnixException.translateToIOException(Unknown Source)
	at java.base/sun.nio.fs.UnixException.rethrowAsIOException(Unknown Source)
	at java.base/sun.nio.fs.UnixCopyFile.move(Unknown Source)
	at java.base/sun.nio.fs.UnixFileSystemProvider.move(Unknown Source)
	at java.base/java.nio.file.Files.move(Unknown Source)
	at beast.base.inference.State.storeToFile(Unknown Source)
	at beast.base.inference.MCMC.doLoop(Unknown Source)
	at beast.base.inference.MCMC.run(Unknown Source)
	at beastfx.app.beast.BeastMCMC.run(Unknown Source)
	at beastfx.app.beast.BeastMain.main(Unknown Source)
	at java.base/jdk.internal.reflect.NativeMethodAccessorImpl.invoke0(Native Method)
	at java.base/jdk.internal.reflect.NativeMethodAccessorImpl.invoke(Unknown Source)
	at java.base/jdk.internal.reflect.DelegatingMethodAccessorImpl.invoke(Unknown Source)
	at java.base/java.lang.reflect.Method.invoke(Unknown Source)
	at beast.pkgmgmt.launcher.BeastLauncher.run(Unknown Source)
	at beast.pkgmgmt.launcher.BeastLauncher.main(Unknown Source)
java.nio.file.NoSuchFileException: cognates.xml.state.new
	at java.base/sun.nio.fs.UnixException.translateToIOException(Unknown Source)
	at java.base/sun.nio.fs.UnixException.rethrowAsIOException(Unknown Source)
	at java.base/sun.nio.fs.UnixException.rethrowAsIOException(Unknown Source)
	at java.base/sun.nio.fs.UnixCopyFile.move(Unknown Source)
	at java.base/sun.nio.fs.UnixFileSystemProvider.move(Unknown Source)
	at java.base/java.nio.file.Files.move(Unknown Source)
	at beast.base.inference.State.storeToFile(Unknown Source)
	at beast.base.inference.MCMC.doLoop(Unknown Source)
	at beast.base.inference.MCMC.run(Unknown Source)
	at beastfx.app.beast.BeastMCMC.run(Unknown Source)
	at beastfx.app.beast.BeastMain.main(Unknown Source)
	at java.base/jdk.internal.reflect.NativeMethodAccessorImpl.invoke0(Native Method)
	at java.base/jdk.internal.reflect.NativeMethodAccessorImpl.invoke(Unknown Source)
	at         1228000     -4835.5040     -5085.5915       250.0874 6m58s/Msamples
java.nio.file.NoSuchFileException: cognates.xml.state.new
	at java.base/sun.nio.fs.UnixException.translateToIOException(Unknown Source)
	at java.base/sun.nio.fs.UnixException.rethrowAsIOException(Unknown Source)
	at java.base/sun.nio.fs.UnixException.rethrowAsIOException(Unknown Source)
	at java.base/sun.nio.fs.UnixCopyFile.move(Unknown Source)
	at java.base/sun.nio.fs.UnixFileSystemProvider.move(Unknown Source)
	at java.base/java.nio.file.Files.move(Unknown Source)
	at beast.base.inference.State.storeToFile(Unknown Source)
	at beast.base.inference.MCMC.doLoop(Unknown Source)
	at beast.base.inference.MCMC.run(Unknown Source)
	at beastfx.app.beast.BeastMCMC.run(Unknown Source)
	at beastfx.app.beast.BeastMain.main(Unknown Source)
	at java.base/jdk.internal.reflect.NativeMethodAccessorImpl.invoke0(Native Method)
	at java.base/jdk.internal.reflect.NativeMethodAccessorImpl.invoke(Unknown Source)
	at java.base/jdk.internal.reflect.DelegatingMethodAccessorImpl.invoke(Unknown Source)
	at java.base/java.lang.reflect.Method.invoke(Unknown Source)
	at beast.pkgmgmt.launcher.BeastLauncher.run(Unknown Source)
	at beast.pkgmgmt.launcher.BeastLauncher.main(Unknown Source)
java.nio.file.NoSuchFileException: cognates.xml.state.new -> cognates.xml.state
	at java.base/sun.nio.fs.UnixException.translateToIOException(Unknown Source)
	at java.base/sun.nio.fs.UnixException.rethrowAsIOException(Unknown Source)
	at java.base/sun.nio.fs.UnixCopyFile.move(Unknown Source)
	at java.base/sun.nio.fs.UnixFileSystemProvider.move(Unknown Source)
	at java.base/java.nio.file.Files.move(Unknown Source)
	at beast.base.inference.State.storeToFile(Unknown Source)
	at beast.base.inference.MCMC.doLoop(Unknown Source)
	at beast.base.inference.MCMC.run(Unknown Source)
	at beastfx.app.beast.BeastMCMC.run(Unknown Source)
	at beastfx.app.beast.BeastMain.main(Unknown Source)
	at java.base/jdk.internal.reflect.NativeMethodAccessorImpl.invoke0(Native Method)
	at java.base/jdk.internal.reflect.NativeMethodAccessorImpl.invoke(Unknown Source)
	at java.base/jdk.internal.reflect.DelegatingMethodAccessorImpl.invoke(Unknown Source)
	at java.base/java.lang.reflect.Method.invok        1388000     -4823.1583     -5072.2704       249.1121 6m23s/Msamples
java.nio.file.NoSuchFileException: cognates.xml.state.new
	a        1280000     -4797.3030     -5077.7158       280.4127 7m5s/Msamples
java.nio.file.NoSuchFileException: cognates.xml.state.new -> cognates.xml.state
	at java.base/sun.nio.fs.UnixException.translateToIOException(Unknown Source)
	at java.base/sun.nio.fs.UnixException.rethrowAsIOException(Unknown Source)
	at java.base/sun.nio.fs.UnixCopyFile.move(Unknown Source)
	at java.base/sun.nio.fs.UnixFileSystemProvider.move(Unknown Source)
	at java.base/java.nio.file.Files.move(Unknown Source)
	at beast.base.inference.State.storeToFile(Unknown Source)
	at beast.base.inference.MCMC.doLoop(Unknown Source)
	at beast.base.inference.MCMC.run(Unknown Source)
	at beastfx.app.beast.BeastMCMC.run(Unknown Source)
	at beastfx.app.beast.BeastMain.main(Unknown Source)
	at java.base/jdk.internal.reflect.NativeMethodAccessorImpl.invoke0(Native Method)
	at java.base/jdk.internal.reflect.NativeMethodAccessorImpl.invoke(Unknown Source)
	at java.base/jdk.internal.reflect.DelegatingMethodAccessorImpl.invoke(Unknown Source)
	at java.base/java.lang.reflect.Method.invoke(Unknown Source)
	at beast.pkgmgmt.launcher.BeastLauncher.run(Unknown Source)
	at beast.pkgmgmt.launcher.BeastLauncher.main(Unknown Source)
java.nio.file.NoSuchFileException: cognates.xml.state.new
	at java.base/sun.nio.fs.UnixException.translateToIOException(Unknown Source)
	at java.base/sun.nio.fs.UnixException.rethrowAsIOException(Unknown Source)
	at java.base/sun.nio.fs.UnixException.rethrowAsIOException(Unknown Source)
	at java.base/sun.nio.fs.UnixCopyFile.move(Unknown Source)
	at java.base/sun.nio.fs.UnixFileSystemProvider.move(Unknown Source)
	at java.base/java.nio.file.Files.move(Unknown Source)
	at beast.base.inference.State.storeToFile(Unknown Source)
	at beast.base.inference.MCMC.doLoop(Unknown Source)
	at beast.base.inference.MCMC.run(Unknown Source)
	at beastfx.app.beast.BeastMCMC.run(Unknown Source)
	at beastfx.app.beast.BeastMain.main(Unknown Source)
	at java.base/jdk.internal.reflect.NativeMethodAccessorImpl.invoke0(Native Method)
	at java.base/jdk.internal.reflect.NativeMethodAccessorImpl.invoke(Unknown Source)
	at java.base/jdk.internal.reflect.DelegatingMethodAccessorImpl.invoke(Unknown Source)
	at java.base/java.lang.reflect.Method.invoke(Unknown Source)
	at beast.pkgmgmt.launcher.BeastLauncher.run(Unknown Source)
	at beast.pkgmgmt.launcher.B        1450000     -4792.1504            1300000     -4802.8318     -5066.6556       263.8237 7m11s/Msamples
java.nio.file.NoSuchFileException: cognates.xml.state.new -> cognates.xml.state
	at java.base/sun.nio.fs.UnixException.translateToIOException(Unknown Source)
	at java.base/sun.nio.fs.UnixException.rethrowAsIOException(Unknown Source)
	at java.base/sun.nio.fs.UnixCopyFile.move(Unknown Source)
	at java.base/sun.nio.fs.UnixFileSystemProvider.move(Unknown Source)
	at java.base/java.nio.file.Files.move(Unknown Source)
	at beast.base.inference.State.storeToFile(Unknown Source)
	at beast.base.inference.MCMC.doLoop(Unknown Source)
	at beast.base.inference.MCMC.run(Unknown Source)
	at beastfx.app.beast.BeastMCMC.run(Unknown Source)
	at beastfx.app.beast.BeastMain.main(Unknown Source)
	at java.base/jdk.internal.reflect.NativeMethodAccessorImpl.invoke0(Native Method)
	at java.base/jdk.internal.reflect.NativeMethodAccessorImpl.invoke(Unknown Source)
	at java.base/jdk.internal.reflect.DelegatingMethodAccessorImpl.invoke(Unknown Source)
	at java.base/java.lang.reflect.Method.invoke(Unknown Source)
	at beast.pkgmgmt.launcher.BeastLauncher.run(Unknown Source)
	at beast.pkgmgmt.launcher.BeastLauncher.main(Unknown Source)
java.nio.file.NoSuchFileException: cognates.xml.state.new -> cognates.xml.state
	at java.base/sun.nio.fs.UnixException.translateToIOException(Unknown Source)
	at java.base/sun.nio.fs.UnixException.rethrowAsIOException(Unknown Source)
	at java.base/sun.nio.fs.UnixCopyFile.move(Unknown Source)
	at java.base/sun.nio.fs.UnixFileSystemProvider.move(Unknown Source)
	at java.base/java.nio.file.Files.move(Unknown Source)
	at beast.base.inference.State.storeToFile(Unknown Source)
	at beast.base.inference.MCMC.doLoop(Unknown Source)
	at beast.base.inference.MCMC.run(Unknown Source)
	at beastfx.app.beast.BeastMCMC.run(Unknown Source)
	at beastfx.app.beast.BeastMain.main(Unknown Source)
	at java.base/jdk.internal.reflect.NativeMethodAccessorImpl.invoke0(Native Method)
	at java.base/jdk.internal.reflect.NativeMethodAccessorImpl.invoke(Unknown Source)
	at java.base/jdk.internal.reflect.DelegatingMethodAccessorImpl.invoke(Unknown Source)
	at java.base/java.lang.reflect.Method.invoke(Unknown Source)
	at beast.pkgmgmt.launcher.BeastLauncher.run(Unknown Source)
	at beast.pkgmgmt.launcher.BeastLauncher.main(Unknown Source)
java.nio.file.NoSuchFileException: cognates.xml.state.new
	at java.base/sun.nio.fs.UnixException.translateToIOException(Unknown Source)
	at java.base/sun.nio.fs.UnixException.rethrowAsIOException(Unknown Source)
	at java.base/sun.nio.fs.UnixException.rethrowAsIOException(Unknown Source)
	at java.base/sun.nio.fs.UnixCopyFile.move(Unknown Source)
	at java.base/sun.nio.fs.UnixFileSystemProvider.move(Unknown Source)
	at java.base/java.nio.file.Files.move(Unknown Source)
	at beast.base.inference.State.storeToFile(Unknown Source)
	at beast.base.inference.MCMC.doLoop(Unknown Source)
	at beast.base.inference.MCMC.run(Unknown Source)
	at beastfx.app.beast.BeastMCMC.run(Unknown Source)
	at beastfx.app.beast.BeastMain.main(Unknown Source)
	at java.base/jdk.internal.reflect.NativeMethodAccessorImpl.invoke0(Native Method)
	at java.base/jdk.internal.reflect.NativeMethodAccessorImpl.invoke(Unknown Source)
	at java.base/jdk.internal.reflect.DelegatingMethodAccessorImpl.invoke(Unknown Source)
	at java.base/java.lang.reflect.Method.invoke(Unknown Source)
	at beast.pkgmgmt.launcher.BeastLauncher.run(Unknown Source)
	at beast.pkgmgmt.launcher.BeastLauncher.main(Unknown Source)
java.nio.file.NoSuchFileException: cognates.xml.state.new
	at java.base/sun.nio.fs.UnixException.translateToIOException(Unknown Source)
	at java.base/sun.nio.fs.UnixException.rethrowAsIOException(Unknown Source)
	at java.base/sun.nio.fs.UnixException.rethrowAsIOException(Unknown Source)
	at java.base/sun.nio.fs.UnixCopyFile.move(Unknown Source)
	at java.base/sun.nio.fs.UnixFileSystemProvider.move(Unknown Source)
	at java.base/java.nio.file.Files.move(Unknown Source)
	at beast.base.inference.State.storeToFile(Unknown Source)
	at beast.base.inference.MCMC.doLoop(Unknown Source)
	at beast.base.inference.MCMC.run(Unknown Source)
	at beastfx.app.beast.BeastMCMC.run(Unknown Source)
	at beastfx.app.beast.BeastMain.main(Unknown Source)
	at java.base/jdk.internal.reflect.NativeMethodAccessorImpl.invoke0(Native Method)
	at java.base/jdk.internal.reflect.NativeMethodAccessorImpl.invoke(Unknown Source)
	at java.base/jdk.internal.reflect.DelegatingMethodAccessorImpl.invoke(Unknown Source)
	at java.base/java.lang.reflect.Method.invoke(Unknown Source)
	at beast.pkgmgmt.launcher.BeastLauncher.run(Unknown Source)
	at beast.pkgmgmt.launcher.BeastLauncher.main(Unknown Source)
java.nio.file.NoSuchFileException: cognates.xml.state.new
	at java.base/sun.nio.fs.UnixException.translateToIOException(Unknown Source)
	at java.base/sun.nio.fs.UnixException.rethrowAsIOException(Unknown Source)
	at java.base/sun.nio.fs.UnixException.rethrowAsIOException(Unknown Source)
	at java.base/sun.nio.fs.UnixCopyFile.move(Unknown Source)
	at java.base/sun.nio.fs.UnixFileSystemProvider.move(Unknown Source)
	at java.base/java.nio.file.Files.move(Unknown Source)
	at beast.base.inference.State.storeToFile(Unknown Source)
	at beast.base.inference.MCMC.doLoop(Unknown Source)
	at beast.base.inference.MCMC.run(Unknown Source)
	at beastfx.app.beast.BeastMCMC.run(Unknown Source)
	at beastfx.app.beast.BeastMain.main(Unknown Source)
	at java.base/jdk.internal.reflect.NativeMethodAccessorImpl.invoke0(Native Method)
	at java.base/jdk.internal.reflect.NativeMethodAccessorImpl.invoke(Unknown Source)
	at java.base/jdk.internal.reflect.DelegatingMethodAccessorImpl.invoke(Unknown Source)
	at java.base/java.lang.reflect.Method.invoke(Unknown Source)
	at beast.pkgmgmt.launcher.BeastLauncher.run(Unknown Source)
	at beast.pkgmgmt.launcher.BeastLauncher.main(Unknown Source)
java.nio.file.NoSuchFileException: cognates.xml.state.new
	at java.base/sun.nio.fs.UnixException.translateToIOException(Unknown Source)
	at java.base/sun.nio.fs.UnixException.rethrowAsIOException(Unknown Source)
	at java.base/sun.nio.fs.UnixException.rethrowAsIOException(Unknown Source)
	at java.base/sun.nio.fs.UnixCopyFile.move(Unknown Source)
	at java.base/sun.nio.fs.UnixFileSystemProvider.move(Unknown Source)
	at java.base/java.nio.file.Files.move(Unknown Source)
	at beast.base.inference.State.storeToFile(Unknown Source)
	at beast.base.inference.MCMC.doLoop(Unknown Source)
	at beast.base.inference.MCMC.run(Unknown Source)
	at beastfx.app.beast.BeastMCMC.run(Unknown Source)
	at beastfx.app.beast.BeastMain.main(Unknown Source)
	at java.base/jdk.internal.reflect.NativeMethodAccessorImpl.invoke0(Native Method)
	at java.base/jdk.internal.reflect.NativeMethodAccessorImpl.invoke(Unknown Source)
	at java.base/jdk.internal.reflect.DelegatingMethodAccessorImpl.invoke(Unknown Source)
	at java.base/java.lang.reflect.Method.invoke(Unknown Source)
	at beast.pkgmgmt.launcher.BeastLauncher.run(Unknown Source)
	at beast.pkgmgmt.launcher.BeastLauncher.main(Unknown Source)
java.nio.file.NoSuchFileException: cognates.xml.state.new
	at java.base/sun.nio.fs.UnixException.translateToIOException(Unknown Source)
	at java.base/sun.nio.fs.UnixException.rethrowAsIOException(Unknown Source)
	at java.base/sun.nio.fs.UnixException.rethrowAsIOException(Unknown Source)
	at java.base/sun.nio.fs.UnixCopyFile.move(Unknown Source)
	at java.base/sun.nio.fs.UnixFileSystemProvider.move(Unknown Source)
	at java.base/java.nio.file.Files.move(Unknown Source)
	at beast.base.inference.State.storeToFile(Unknown Source)
	at beast.base.inference.MCMC.doLoop(Unknown Source)
	at beast.base.inference.MCMC.run(Unknown Source)
	at beastfx.app.beast.BeastMCMC.run(Unknown Source)
	at beastfx.app.beast.BeastMain.main(Unknown Source)
	at java.base/jdk.internal.reflect.NativeMethodAccessorImpl.invoke0(Native Method)
	at java.base/jdk.internal.reflect.NativeMethodAccessorImpl.invoke(Unknown Source)
	at java.base/jdk.internal.reflect.DelegatingMethodAccessorImpl.invoke(Unknown Source)
	at java.base/java.lang.reflect.Method.invoke(Unknown Source)
	at beast.pkgmgmt.launcher.BeastLauncher.run(Unknown Source)
	at beast.pkgmgmt.launcher.BeastLauncher.main(Unknown Source)
java.nio.file.NoSuchFileException: cognates.xml.state.new
	at java.base/sun.nio.fs.UnixException.translateToIOException(Unknown Source)
	at java.base/sun.nio.fs.UnixException.rethrowAsIOException(Unknown Source)
	at java.base/sun.nio.fs.UnixException.rethrowAsIOException(Unknown Source)
	at java.base/sun.nio.fs.UnixCopyFile.move(Unknown Source)
	at java.base/sun.nio.fs.UnixFileSystemProvider.move(Unknown Source)
	at java.base/java.nio.file.Files.move(Unknown Source)
	at beast.base.inference.State.storeToFile(Unknown Source)
	at beast.base.inference.MCMC.doLoop(Unknown Source)
	at beast.base.inference.MCMC.run(Unknown Source)
	at beastfx.app.beast.BeastMCMC.run(Unknown Source)
	at beastfx.app.beast.BeastMain.main(Unknown Source)
	at java.base/jdk.internal.reflect.NativeMethodAccessorImpl.invoke0(Native Method)
	at java.base/jdk.internal.reflect.NativeMethodAccessorImpl.invoke(Unknown Source)
	at java.base/jdk.internal.reflect.DelegatingMethodAccessorImpl.invoke(Unknown Source)
	at java.base/java.lang.reflect.Method.invoke(Unknown Source)
	at beast.pkgmgmt.launcher.BeastLauncher.run(Unknown Source)
	at beast.pkgmgmt.launcher.BeastLauncher.main(Unknown Source)
java.nio.file.NoSuchFileException: cognates.xml.state.new
	at java.base/sun.nio.fs.UnixException.translateToIOException(Unknown Source)
	at java.base/sun.nio.fs.UnixException.rethrowAsIOException(Unknown Source)
	at java.base/sun.nio.fs.UnixException.rethrowAsIOException(Unknown Source)
	at java.base/sun.nio.fs.UnixCopyFile.move(Unknown Source)
	at java.base/sun.nio.fs.UnixFileSystemProvider.move(Unknown Source)
	at java.base/java.nio.file.Files.move(Unknown Source)
	at beast.base.inference.State.storeToFile(Unknown Source)
	at beast.base.inference.MCMC.doLoop(Unknown Source)
	at beast.base.inference.MCMC.run(Unknown Source)
	at beastfx.app.beast.BeastMCMC.run(Unknown Source)
	at beastfx.app.beast.BeastMain.main(Unknown Source)
	at java.base/jdk.internal.reflect.NativeMethodAccessorImpl.invoke0(Native Method)
	at java.base/jdk.internal.reflect.NativeMethodAccessorImpl.invoke(Unknown Source)
	at java.base/jdk.internal.reflect.DelegatingMethodAccessorImpl.invoke(Unknown Source)
	at java.base/java.lang.reflect.Method.invoke(Unknown Source)
	at beast.pkgmgmt.launcher.BeastLauncher.run(Unknown Source)
	at beast.pkgmgmt.launcher.BeastLauncher.main(Unknown Source)
java.nio.file.NoSuchFileException: cognates.xml.state.new
	at java.base/sun.nio.fs.UnixException.translateToIOException(Unknown Source)
	at java.base/sun.nio.fs.UnixException.rethrowAsIOException(Unknown Source)
	at java.base/sun.nio.fs.UnixException.rethrowAsIOException(Unknown Source)
	at java.base/sun.nio.fs.UnixCopyFile.move(Unknown Source)
	at java.base/sun.nio.fs.UnixFileSystemProvider.move(Unknown Source)
	at java.base/java.nio.file.Files.move(Unknown Source)
	at beast.base.inference.State.storeToFile(Unknown Source)
	at beast.base.inference.MCMC.doLoop(Unknown Source)
	at beast.base.inference.MCMC.run(Unknown Source)
	at beastfx.app.beast.BeastMCMC.run(Unknown Source)
	at beastfx.app.beast.BeastMain.main(Unknown Source)
	at java.base/jdk.internal.reflect.NativeMethodAccessorImpl.invoke0(Native Method)
	at java.base/jdk.internal.reflect.NativeMethodAccessorImpl.invoke(Unknown Source)
	at java.base/jdk.internal.reflect.DelegatingMethodAccessorImpl.invoke(Unknown Source)
	at java.base/java.lang.reflect.Method.invoke(Unknown Source)
	at beast.pkgmgmt.launcher.BeastLauncher.run(Unknown Source)
	at beast.pkgmgmt.launcher.BeastLauncher.main(Unknown Source)
java.nio.file.NoSuchFileException: cognates.xml.state.new
	at java.base/sun.nio.fs.UnixException.translateToIOException(Unknown Source)
	at java.base/sun.nio.fs.UnixException.rethrowAsIOException(Unknown Source)
	at java.base/sun.nio.fs.UnixException.rethrowAsIOException(Unknown Source)
	at java.base/sun.nio.fs.UnixCopyFile.move(Unknown Source)
	at java.base/sun.nio.fs.UnixFileSystemProvider.move(Unknown Source)
	at java.base/java.nio.file.Files.move(Unknown Source)
	at beast.base.inference.State.storeToFile(Unknown Source)
	at beast.base.inference.MCMC.doLoop(Unknown Source)
	at beast.base.inference.MCMC.run(Unknown Source)
	at beastfx.app.beast.BeastMCMC.run(Unknown Source)
	at beastfx.app.beast.BeastMain.main(Unknown Source)
	at java.base/jdk.internal.reflect.NativeMethodAccessorImpl.invoke0(Native Method)
	at java.base/jdk.internal.reflect.NativeMethodAccessorImpl.invoke(Unknown Source)
	at java.base/jdk.internal.reflect.DelegatingMethodAccessorImpl.invoke(Unknown Source)
	at java.base/java.lang.reflect.Method.invoke(Unknown Source)
	at beast.pkgmgmt.launcher.BeastLauncher.run(Unknown Source)
	at beast.pkgmgmt.launcher.BeastLauncher.main(Unknown Source)
java.nio.file.NoSuchFileException: cognates.xml.state.new
	at java.base/sun.nio.fs.UnixException.translateToIOException(Unknown Source)
	at java.base/sun.nio.fs.UnixException.rethrowAsIOException(Unknown Source)
	at java.base/sun.nio.fs.UnixException.rethrowAsIOException(Unknown Source)
	at java.base/sun.nio.fs.UnixCopyFile.move(Unknown Source)
	at java.base/sun.nio.fs.UnixFileSystemProvider.move(Unknown Source)
	at java.base/java.nio.file.Files.move(Unknown Source)
	at beast.base.inference.State.storeToFile(Unknown Source)
	at beast.base.inference.MCMC.doLoop(Unknown Source)
	at beast.base.inference.MCMC.run(Unknown Source)
	at beastfx.app.beast.BeastMCMC.run(Unknown Source)
	at beastfx.app.beast.BeastMain.main(Unknown Source)
	at java.base/jdk.internal.reflect.NativeMethodAccessorImpl.invoke0(Native Method)
	at java.base/jdk.internal.reflect.NativeMethodAccessorImpl.invoke(Unknown Source)
	at java.base/jdk.internal.reflect.DelegatingMethodAccessorImpl.invoke(Unknown Source)
	at java.base/java.lang.reflect.Method.invoke(Unknown Source)
	at beast.pkgmgmt.launcher.BeastLauncher.run(Unknown Source)
	at beast.pkgmgmt.launcher.BeastLauncher.main(Unknown Source)
java.nio.file.NoSuchFileException: cognates.xml.state.new -> cognates.xml.state
	at java.base/sun.nio.fs.UnixException.translateToIOException(Unknown Source)
	at java.base/sun.nio.fs.UnixException.rethrowAsIOException(Unknown Source)
	at java.base/sun.nio.fs.UnixCopyFile.move(Unknown Source)
	at java.base/sun.nio.fs.UnixFileSystemProvider.move(Unknown Source)
	at java.base/java.nio.file.Files.move(Unknown Source)
	at beast.base.inference.State.storeToFile(Unknown Source)
	at beast.base.inference.MCMC.doLoop(Unknown Source)
	at beast.base.inference.MCMC.run(Unknown Source)
	at beastfx.app.beast.BeastMCMC.run(Unknown Source)
	at beastfx.app.beast.BeastMain.main(Unknown Source)
	at java.base/jdk.internal.reflect.NativeMethodAccessorImpl.invoke0(Native Method)
	at java.base/jdk.internal.reflect.NativeMethodAccessorImpl.invoke(Unknown Source)
	at java.base/jdk.internal.reflect.DelegatingMethodAccessorImpl.invoke(Unknown Source)
	at java.base/java.lang.reflect.Method.invoke(Unknown Source)
	at beast.pkgmgmt.launcher.BeastLauncher.run(Unknown Source)
	at beast.pkgmgmt.launcher.BeastLauncher.main(Unknown Source)
java.nio.file.NoSuchFileException: cognates.xml.state.new
	at java.base/sun.nio.fs.UnixException.translateToIOException(Unknown Source)
	at java.base/sun.nio.fs.UnixException.rethrowAsIOException(Unknown Source)
	at java.base/sun.nio.fs.UnixException.rethrowAsIOException(Unknown Source)
	at java.base/sun.nio.fs.UnixCopyFile.move(Unknown Source)
	at java.base/sun.nio.fs.UnixFileSystemProvider.move(Unknown Source)
	at java.base/java.nio.file.Files.move(Unknown Source)
	at beast.base.inference.State.storeToFile(Unknown Source)
	at beast.base.inference.MCMC.doLoop(Unknown Source)
	at beast.base.inference.MCMC.run(Unknown Source)
	at beastfx.app.beast.BeastMCMC.run(Unknown Source)
	at beastfx.app.beast.BeastMain.main(Unknown Source)
	at java.base/jdk.internal.reflect.NativeMethodAccessorImpl.invoke0(Native Method)
	at java.base/jdk.internal.reflect.NativeMethodAccessorImpl.invoke(Unknown Source)
	at java.base/jdk.internal.reflect.DelegatingMethodAccessorImpl.invoke(Unknown Source)
	at java.base/java.lang.reflect.Method.invoke(Unknown Source)
	at beast.pkgmgmt.launcher.BeastLauncher.run(Unknown Source)
	at beast.pkgmgmt.launcher.BeastLauncher.main(Unknown Source)
java.nio.file.NoSuchFileException: cognates.xml.state.new -> cognates.xml.state
	at java.base/sun.nio.fs.UnixException.translateToIOException(Unknown Source)
	at java.base/sun.nio.fs.UnixException.rethrowAsIOException(Unknown Source)
	at java.base/sun.nio.fs.UnixCopyFile.move(Unknown Source)
	at java.base/sun.nio.fs.UnixFileSystemProvider.move(Unknown Source)
	at java.base/java.nio.file.Files.move(Unknown Source)
	at beast.base.inference.State.storeToFile(Unknown Source)
	at beast.base.inference.MCMC.doLoop(Unknown Source)
	at beast.base.inference.MCMC.run(Unknown Source)
	at beastfx.app.beast.BeastMCMC.run(Unknown Source)
	at beastfx.app.beast.BeastMain.main(Unknown Source)
	at java.base/jdk.internal.reflect.NativeMethodAccessorImpl.invoke0(Native Method)
	at java.base/jdk.internal.reflect.NativeMethodAccessorImpl.invoke(Unknown Source)
	at java.base/jdk.internal.reflect.DelegatingMethodAccessorImpl.invoke(Unknown Source)
	at java.base/java.lang.reflect.Method.invoke(Unknown Source)
	at beast.pkgmgmt.launcher.BeastLauncher.run(Unknown Source)
	at beast.pkgmgmt.launcher.BeastLauncher.main(Unknown Source)
java.nio.file.NoSuchFileException: cognates.xml.state.new
	at java.base/sun.nio.fs.UnixException.translateToIOException(Unknown Source)
	at java.base/sun.nio.fs.UnixException.rethrowAsIOException(Unknown Source)
	at java.base/sun.nio.fs.UnixException.rethrowAsIOException(Unknown Source)
	at java.base/sun.nio.fs.UnixCopyFile.move(Unknown Source)
	at java.base/sun.nio.fs.UnixFileSystemProvider.move(Unknown Source)
	at java.base/java.nio.file.Files.move(Unknown Source)
	at beast.base.inference.State.storeToFile(Unknown Source)
	at beast.base.inference.MCMC.doLoop(Unknown Source)
	at beast.base.inference.MCMC.run(Unknown Source)
	at beastfx.app.beast.BeastMCMC.run(Unknown Source)
	at beastfx.app.beast.BeastMain.main(Unknown Source)
	at java.base/jdk.internal.reflect.NativeMethodAccessorImpl.invoke0(Native Method)
	at java.base/jdk.internal.reflect.NativeMethodAccessorImpl.invoke(Unknown Source)
	at java.base/jdk.internal.reflect.DelegatingMethodAccessorImpl.invoke(Unknown Source)
	at java.base/java.lang.reflect.Method.invoke(Unknown Source)
	at beast.pkgmgmt.launcher.BeastLauncher.run(Unknown Source)
	at beast.pkgmgmt.launcher.BeastLauncher.main(Unknown Source)
java.nio.file.NoSuchFileException: cognates.xml.state.new
	at java.base/sun.nio.fs.UnixException.translateToIOException(Unknown Source)
	at java.base/sun.nio.fs.UnixException.rethrowAsIOException(Unknown Source)
	at java.base/sun.nio.fs.UnixException.rethrowAsIOException(Unknown Source)
	at java.base/sun.nio.fs.UnixCopyFile.move(Unknown Source)
	at java.base/sun.nio.fs.UnixFileSystemProvider.move(Unknown Source)
	at java.base/java.nio.file.Files.move(Unknown Source)
	at beast.base.inference.State.storeToFile(Unknown Source)
	at beast.base.inference.MCMC.doLoop(Unknown Source)
	at beast.base.inference.MCMC.run(Unknown Source)
	at beastfx.app.beast.BeastMCMC.run(Unknown Source)
	at beastfx.app.beast.BeastMain.main(Unknown Source)
	at java.base/jdk.internal.reflect.NativeMethodAccessorImpl.invoke0(Native Method)
	at java.base/jdk.internal.reflect.Native        1966000     -4834.4899     -5074.6287       240.1387 6m16s/Msamples
java.nio.file.NoSuchFileException: cognates.xml.state.new
	at java.base/sun.nio.fs.UnixException.translateToIOException(Unknown Source)
	at java.base/sun.nio.fs.UnixException.rethrowAsIOException(Unknown Source)
	at java.base/sun.nio.fs.UnixException.rethrowAsIOException(Unknown Source)
	at java.base/sun.nio.fs.UnixCopyFile.move(Unknown Source)
	at java.base/sun.nio.fs.UnixFileSystemProvider.move(Unknown Source)
	at java.base/java.nio.file.Files.move(Unknown Sou        1714000     -4797.0184     -5074.3083       277.2899 7m19s/Msamples
java.nio.file.NoSuchFileException: cognates.xml.state.new
	at java.base/sun.nio.fs.UnixException.translateToIOException(Unknow        1756000     -4798.2043     -5080.4186       282.2143 7m13s/Msamples

Operator                                                                                                Tuning    #accept    #reject      Pr(m)  Pr(acc|m)
kernel.BactrianScaleOperator(YuleBirthRateScaler.t:cognates)                                           0.27772      20906      52650    0.03699    0.28422 
kernel.BactrianScaleOperator(CognatesTreeScaler.t:cognates)                                            0.07811      19005      54925    0.03699    0.25707 
kernel.BactrianScaleOperator(CognatesTreeRootScaler.t:cognates)                                        0.23542      16796      56812    0.03699    0.22818 
kernel.BactrianNodeOperator(CognatesUniformOperator.t:cognates)                                        1.66920     251683     487378    0.36991    0.34054 
kernel.BactrianSubtreeSlide(CognatesSubtreeSlide.t:cognates)                                           0.31390         31     370490    0.18496    0.00008 Try decreasing size to about 0.157
Exchange(CognatesNarrow.t:cognates)                                                                          -     118779     252658    0.18496    0.31978 
Exchange(CognatesWide.t:cognates)                                                                            -        645      73149    0.03699    0.00874 
WilsonBalding(CognatesWilsonBalding.t:cognates)                                                              -       1586      72048    0.03699    0.02154 
kernel.BactrianScaleOperator(StrictClockRateScaler.c:cognates)                                         0.08154      17766      56113    0.03699    0.24047 
beast.base.inference.operator.kernel.BactrianUpDownOperator(strictClockUpDownOperator.c:cognates)      0.33320      22001      51927    0.03699    0.29760 
beast.base.inference.operator.kernel.BactrianDeltaExchangeOperator(FrequenciesExchanger.s:cognates)    0.00737        484       2169    0.00123    0.18243 

     Tuning: The value of the operator's tuning parameter, or '-' if the operator can't be optimized.
    #accept: The total number of times a proposal by this operator has been accepted.
    #reject: The total number of times a proposal by this operator has been rejected.
      Pr(m): The probability this operator is chosen in a step of the MCMC (i.e. the normalized weight).
  Pr(acc|m): The acceptance probability (#accept as a fraction of the total proposals for this operator).


Total calculation time: 785.569 seconds
End likelihood: -4806.128043658505
Done!
Loading package BEAST.app v2.7.6 BEAST.base v2.7.6    

              TreeAnnotator v2.7.6, 2002-2023
                    MCMC Output analysis
                             by
           Andrew Rambaut and Alexei J. Drummond

             Institute of Evolutionary Biology
                  University of Edinburgh
                     a.rambaut@ed.ac.uk

               Department of Computer Science
                   University of Auckland
                  alexei@cs.auckland.ac.nz


Processing 901 trees from file after ignoring first 10% = 100 trees.
Finding maximum credibility tree...


Total number of trees 1001, where 901 are used.
Total unique clades: 1356

Analyzing 901 trees...
|--------------|--------------|--------------|--------------|
*************************************************************

Highest Log Clade Credibility: -35.338302545520946
Collecting node information...
|--------------|--------------|--------------|--------------|
*************************************************************

Annotating target tree...
Please cite: Heled and Bouckaert: Looking for trees in the forest:
summary tree from posterior samples. BMC Evolutionary Biology 2013 13:221.
Setting node heights...
|--------------|--------------|--------------|--------------|
*************************************************************

Writing annotated tree....
[1] 57 languages loaded; 57 distinct ISO codes; 347 candidate ASJP doculects.
[1] ASJP usable for 51/57 languages (avg 89 concepts each).
[1] SKIPPED 6 languages (logged):
      - Serbian: no ASJP doculect for ISO srp
      - Latvian: no ASJP doculect for ISO lav
      - Albanian: no ASJP doculect for ISO alb
      - Nepali: no ASJP doculect for ISO nep
      - Arabic: no ASJP doculect for ISO ara
      - Syriac: no ASJP doculect for ISO syr
[2] cognate matrix: 51 languages x 557 binary cognate characters (threshold 0.5); fill 0.072 (mean 40 present/lang).
[3] wrote NEXUS -> /gpfs/scratch1/shared/jcowley/langtree/language-family-trees/beast/cognates.nex
[3] wrote BEAST2 XML -> /gpfs/scratch1/shared/jcowley/langtree/language-family-trees/beast/cognates.xml
[3] gold tree from Glottolog (51 ISO matched).

[4] BEAST2 found: /scratch-shared/jcowley/langtree/language-family-trees/beast2/bin/beast. Running short chain...
[4] MCC tree read; comparing to gold...
    rf_triple: observed=0.410 floor=0.231 null_p50=1.000 rescaled=0.233
    gqd      : 0.165 (resolved gold quartets 168922)
[4] saved /gpfs/scratch1/shared/jcowley/langtree/language-family-trees/figures/beast_mcc_tree.png
[4] wrote /gpfs/scratch1/shared/jcowley/langtree/language-family-trees/beast/beast_result.json

========== BEAST ARM SUMMARY ==========
  status            : RAN BEAST2 + compared to gold
  languages (taxa)  : 51
  cognate chars     : 557
  matrix fill       : 0.072
  NEXUS             : /gpfs/scratch1/shared/jcowley/langtree/language-family-trees/beast/cognates.nex
  BEAST2 XML        : /gpfs/scratch1/shared/jcowley/langtree/language-family-trees/beast/cognates.xml
  skipped languages : 6 (see [1] log)
  rf_triple         : {'observed': 0.41025641025641024, 'floor': 0.23076923076923078, 'null_p50': 1.0, 'rescaled': 0.2333333333333333}
  gqd               : {'gqd': 0.16523602609488403, 'resolved_in_gold': 168922, 'approx': False}
=======================================
