scale-up: 102 languages (comparable Bible text, not verse-aligned), 29 families
romanizing (cached)...
  romanized Achuar_Shiwiar (1/102) 30000ch in 2.4s
  romanized Afrikaans (2/102) 30000ch in 2.2s
  romanized Aguaruna (3/102) 30000ch in 2.3s
  romanized Akawaio (4/102) 30000ch in 2.3s
  romanized Albanian (5/102) 30000ch in 2.3s
  romanized Amharic (6/102) 30000ch in 2.4s
  romanized Amuzgo (7/102) 30000ch in 2.3s
  romanized Arabic (8/102) 30000ch in 2.2s
  romanized Armenian (9/102) 30000ch in 2.4s
  romanized Ash_ninka (10/102) 30000ch in 2.4s
  romanized Aukan (11/102) 30000ch in 2.3s
  romanized Barasana_Eduria (12/102) 30000ch in 2.3s
  romanized Basque (13/102) 30000ch in 2.3s
  romanized Bulgarian (14/102) 30000ch in 2.3s
  romanized Burmese (15/102) 30000ch in 2.5s
  romanized Cab_car (16/102) 30000ch in 2.3s
  romanized Cakchiquel (17/102) 30000ch in 2.3s
  romanized Cams (18/102) 30000ch in 2.4s
  romanized Cebuano (19/102) 30000ch in 2.3s
  romanized Chamorro (20/102) 30000ch in 2.2s
  romanized Cherokee (21/102) 30000ch in 2.3s
  romanized Chinantec_Quiotepec (22/102) 30000ch in 2.2s
  romanized Mandarin_Chinese (23/102) 30000ch in 2.1s
  romanized Coptic (24/102) 30000ch in 2.4s
  romanized Haitian_Creole (25/102) 30000ch in 2.2s
  romanized Croatian (26/102) 30000ch in 2.3s
  romanized Czech (27/102) 30000ch in 2.4s
  romanized Danish (28/102) 30000ch in 2.2s
  romanized Dinka (29/102) 30000ch in 2.2s
  romanized Dutch (30/102) 30000ch in 2.3s
  romanized English (31/102) 30000ch in 2.3s
  romanized Esperanto (32/102) 30000ch in 2.3s
  romanized Estonian (33/102) 30000ch in 2.3s
  romanized Ewe (34/102) 30000ch in 2.3s
  romanized Farsi_Persian (35/102) 30000ch in 2.3s
  romanized Finnish (36/102) 30000ch in 2.3s
  romanized French (37/102) 30000ch in 2.3s
  romanized Gaelic_Scottish (38/102) 30000ch in 2.3s
  romanized Galela (39/102) 30000ch in 2.3s
  romanized German (40/102) 30000ch in 2.3s
  romanized Greek (41/102) 30000ch in 2.3s
  romanized Gujarati (42/102) 30000ch in 2.4s
  romanized Hebrew (43/102) 30000ch in 2.4s
  romanized Hindi (44/102) 30000ch in 2.3s
  romanized Hungarian (45/102) 30000ch in 2.3s
  romanized Icelandic (46/102) 30000ch in 2.3s
  romanized Indonesian (47/102) 30000ch in 2.3s
  romanized Italian (48/102) 30000ch in 2.3s
  romanized Jakalteko (49/102) 30000ch in 2.4s
  romanized Japanese (50/102) 30000ch in 2.4s
  romanized K_iche (51/102) 30000ch in 2.3s
  romanized Kabyle (52/102) 30000ch in 2.3s
  romanized Kannada (53/102) 30000ch in 2.5s
  romanized Korean (54/102) 30000ch in 1.9s
  romanized Latin (55/102) 30000ch in 2.4s
  romanized Latvian (56/102) 30000ch in 2.2s
  romanized Lithuanian (57/102) 30000ch in 3.3s
  romanized Lukpa (58/102) 30000ch in 2.3s
  romanized Malagasy (59/102) 30000ch in 2.4s
  romanized Malayalam (60/102) 30000ch in 2.3s
  romanized Mam (61/102) 30000ch in 2.3s
  romanized Manx (62/102) 30000ch in 2.3s
  romanized Maori (63/102) 30000ch in 2.2s
  romanized Marathi (64/102) 30000ch in 2.5s
  romanized Nahuatl_Tetelcingo (65/102) 30000ch in 2.3s
  romanized Nepali (66/102) 30000ch in 2.5s
  romanized Norwegian (67/102) 30000ch in 2.2s
  romanized Ojibwa (68/102) 30000ch in 2.7s
  romanized Paite_Chin (69/102) 30000ch in 2.3s
  romanized Polish (70/102) 30000ch in 2.3s
  romanized Portuguese (71/102) 30000ch in 2.3s
  romanized Potawatomi (72/102) 30000ch in 2.3s
  romanized Q_eqchi (73/102) 30000ch in 2.3s
  romanized Quichua (74/102) 30000ch in 2.3s
  romanized Romani (75/102) 30000ch in 2.3s
  romanized Romanian (76/102) 30000ch in 2.3s
  romanized Russian (77/102) 30000ch in 2.4s
  romanized Serbian (78/102) 30000ch in 2.4s
  romanized Shona (79/102) 30000ch in 2.1s
  romanized Shuar_Jivaro (80/102) 30000ch in 2.3s
  romanized Slovak (81/102) 30000ch in 2.3s
  romanized Slovene (82/102) 30000ch in 2.3s
  romanized Somali (83/102) 30000ch in 2.2s
  romanized Spanish (84/102) 30000ch in 2.3s
  romanized Swahili (85/102) 30000ch in 2.4s
  romanized Swedish (86/102) 30000ch in 2.2s
  romanized Syriac (87/102) 30000ch in 2.3s
  romanized Tachelhit (88/102) 30000ch in 2.3s
  romanized Tagalog (89/102) 30000ch in 2.3s
  romanized Telugu (90/102) 30000ch in 2.5s
  romanized Thai (91/102) 30000ch in 3.3s
  romanized Tamajaq_Tuareg (92/102) 30000ch in 2.3s
  romanized Turkish (93/102) 30000ch in 2.2s
  romanized Ukranian (94/102) 30000ch in 2.4s
  romanized Uma (95/102) 30000ch in 2.7s
  romanized Uspanteco (96/102) 30000ch in 2.3s
  romanized Vietnamese (97/102) 30000ch in 2.3s
  romanized Wolaytta (98/102) 30000ch in 2.3s
  romanized Wolof (99/102) 30000ch in 2.3s
  romanized Xhosa (100/102) 30000ch in 2.2s
  romanized Zarma (101/102) 30000ch in 2.2s
  romanized Zulu (102/102) 30000ch in 2.3s
family-NN chance floor at this breadth: 0.145
CAVEAT: this arm uses align=False (each language's own first verses, NOT the identical verses), so
full-Bible (OT+NT) vs NT-only languages differ in CONTENT; that content axis partly correlates with
family -> read these as a breadth sanity-check, not a clean content-controlled result like the 57-set.

=== results at scale ===
  RAW        trigram-JS: normRF 0.883 (floor 0.445, rescaled 0.789), GQD 0.410~, family-NN 0.569 (chance 0.145, 14 ties) | alphabet-baseline family-NN 0.314
  ROMANIZED  trigram-JS: normRF 0.825 (floor 0.445, rescaled 0.684), GQD 0.268~, family-NN 0.627 (chance 0.145, 0 ties) | alphabet-baseline family-NN 0.343
  random-tree null normRF p50=1.000 (p05 0.985) -> trees far beat chance at scale too
saved figures/scaleup_romanized_tree.png
